#
# There is insufficient memory for the Java Runtime Environment to continue.
# Native memory allocation (malloc) failed to allocate 1374176 bytes for Chunk::new
# Possible reasons:
#   The system is out of physical RAM or swap space
#   The process is running with CompressedOops enabled, and the Java Heap may be blocking the growth of the native heap
# Possible solutions:
#   Reduce memory load on the system
#   Increase physical memory or swap space
#   Check if swap backing store is full
#   Decrease Java heap size (-Xmx/-Xms)
#   Decrease number of Java threads
#   Decrease Java thread stack sizes (-Xss)
#   Set larger code cache with -XX:ReservedCodeCacheSize=
#   JVM is running with Unscaled Compressed Oops mode in which the Java heap is
#     placed in the first 4GB address space. The Java Heap base address is the
#     maximum limit for the native heap growth. Please use -XX:HeapBaseMinAddress
#     to set the Java Heap base and to place the Java Heap above 4GB virtual address.
# This output file may be truncated or incomplete.
#
#  Out of Memory Error (allocation.cpp:389), pid=13124, tid=0x00000000000033ac
#
# JRE version: OpenJDK Runtime Environment (8.0_242-b01) (build 1.8.0_242-release-1644-b01)
# Java VM: OpenJDK 64-Bit Server VM (25.242-b01 mixed mode windows-amd64 compressed oops)
# Failed to write core dump. Minidumps are not enabled by default on client versions of Windows
#

---------------  T H R E A D  ---------------

Current thread (0x0000000017096800):  JavaThread "C2 CompilerThread0" daemon [_thread_in_native, id=13228, stack(0x00000000186f0000,0x00000000187f0000)]

Stack: [0x00000000186f0000,0x00000000187f0000]
[error occurred during error reporting (printing stack bounds), id 0xc0000005]

Native frames: (J=compiled Java code, j=interpreted, Vv=VM code, C=native code)


Current CompileTask:
C2: 313210 20955       4       com.sun.tools.javac.util.Convert::quote (131 bytes)


---------------  P R O C E S S  ---------------

Java Threads: ( => current thread )
  0x000000001ab9a000 JavaThread "WorkerExecutor Queue Thread 3" [_thread_blocked, id=10592, stack(0x0000000032530000,0x0000000032630000)]
  0x000000001ab9d000 JavaThread "WorkerExecutor Queue" [_thread_in_vm, id=5512, stack(0x000000002fbb0000,0x000000002fcb0000)]
  0x000000001ab99800 JavaThread "RMI TCP Connection(2)-127.0.0.1" daemon [_thread_in_native, id=1692, stack(0x000000002fcb0000,0x000000002fdb0000)]
  0x00000000206cb000 JavaThread "Cache worker for execution history cache (D:\Bangkit\batique-app\.gradle\6.5\executionHistory)" [_thread_blocked, id=7240, stack(0x000000002fab0000,0x000000002fbb0000)]
  0x00000000206c8800 JavaThread "Execution worker for ':' Thread 3" [_thread_blocked, id=9244, stack(0x000000002f7b0000,0x000000002f8b0000)]
  0x00000000206c8000 JavaThread "Execution worker for ':' Thread 2" [_thread_blocked, id=10360, stack(0x000000002dbf0000,0x000000002dcf0000)]
  0x00000000206c7000 JavaThread "Execution worker for ':'" [_thread_blocked, id=3680, stack(0x000000002c470000,0x000000002c570000)]
  0x00000000206c6800 JavaThread "Cache worker for file content cache (D:\Bangkit\batique-app\.gradle\6.5\fileContent)" [_thread_blocked, id=11712, stack(0x000000002c170000,0x000000002c270000)]
  0x00000000206c9800 JavaThread "Cache worker for Build Output Cleanup Cache (D:\Bangkit\batique-app\.gradle\buildOutputCleanup)" [_thread_blocked, id=12136, stack(0x0000000022a30000,0x0000000022b30000)]
  0x00000000206ca000 JavaThread "Build operations Thread 4" [_thread_blocked, id=2192, stack(0x0000000022930000,0x0000000022a30000)]
  0x00000000206bf000 JavaThread "Build operations Thread 3" [_thread_blocked, id=12304, stack(0x0000000022830000,0x0000000022930000)]
  0x00000000206c5800 JavaThread "Build operations Thread 2" [_thread_in_vm, id=8032, stack(0x0000000022630000,0x0000000022730000)]
  0x00000000206be000 JavaThread "Build operations" [_thread_blocked, id=12336, stack(0x0000000022530000,0x0000000022630000)]
  0x00000000206c5000 JavaThread "Cache worker for cache directory md-rule (C:\Users\User\.gradle\caches\6.5\md-rule)" [_thread_blocked, id=252, stack(0x000000001ca10000,0x000000001cb10000)]
  0x00000000206bd800 JavaThread "Cache worker for cache directory md-supplier (C:\Users\User\.gradle\caches\6.5\md-supplier)" [_thread_blocked, id=8988, stack(0x000000001c910000,0x000000001ca10000)]
  0x00000000206c4000 JavaThread "Cache worker for checksums cache (D:\Bangkit\batique-app\.gradle\checksums)" [_thread_blocked, id=708, stack(0x000000001c810000,0x000000001c910000)]
  0x00000000206c3800 JavaThread "Cache worker for file hash cache (D:\Bangkit\batique-app\.gradle\6.5\fileHashes)" [_thread_blocked, id=10792, stack(0x000000001c710000,0x000000001c810000)]
  0x00000000206bc800 JavaThread "Thread-460" [_thread_blocked, id=12328, stack(0x000000001c610000,0x000000001c710000)]
  0x00000000206c1000 JavaThread "Stdin handler" [_thread_blocked, id=3812, stack(0x000000001c510000,0x000000001c610000)]
  0x00000000206c2000 JavaThread "Asynchronous log dispatcher for DefaultDaemonConnection: socket connection from /127.0.0.1:60634 to /127.0.0.1:49164" [_thread_blocked, id=11812, stack(0x000000001bed0000,0x000000001bfd0000)]
  0x00000000206c0800 JavaThread "Cancel handler" [_thread_blocked, id=12332, stack(0x00000000008d0000,0x00000000009d0000)]
  0x00000000206c2800 JavaThread "Handler for socket connection from /127.0.0.1:60634 to /127.0.0.1:49164" [_thread_in_native, id=10420, stack(0x00000000007d0000,0x00000000008d0000)]
  0x000000001f9b3800 JavaThread "jar transforms Thread 342" [_thread_blocked, id=12352, stack(0x000000002bc70000,0x000000002bd70000)]
  0x000000001f9b3000 JavaThread "jar transforms Thread 341" [_thread_blocked, id=1312, stack(0x0000000029230000,0x0000000029330000)]
  0x000000001f9ae800 JavaThread "jar transforms Thread 340" [_thread_blocked, id=9516, stack(0x0000000028d30000,0x0000000028e30000)]
  0x000000001f9b4800 JavaThread "jar transforms Thread 339" [_thread_blocked, id=11272, stack(0x0000000028c30000,0x0000000028d30000)]
  0x000000001f9b2000 JavaThread "jar transforms Thread 338" [_thread_blocked, id=13176, stack(0x0000000028b30000,0x0000000028c30000)]
  0x000000001f9af000 JavaThread "jar transforms Thread 337" [_thread_blocked, id=12964, stack(0x0000000028a30000,0x0000000028b30000)]
  0x000000001f9b0000 JavaThread "jar transforms Thread 336" [_thread_blocked, id=3744, stack(0x0000000028930000,0x0000000028a30000)]
  0x000000001f9a6000 JavaThread "jar transforms Thread 335" [_thread_blocked, id=5504, stack(0x0000000028830000,0x0000000028930000)]
  0x000000001f9aa800 JavaThread "jar transforms Thread 334" [_thread_blocked, id=12708, stack(0x0000000028730000,0x0000000028830000)]
  0x000000001f9ab800 JavaThread "jar transforms Thread 333" [_thread_blocked, id=8208, stack(0x0000000028630000,0x0000000028730000)]
  0x000000001f9ad000 JavaThread "jar transforms Thread 332" [_thread_blocked, id=12952, stack(0x0000000028530000,0x0000000028630000)]
  0x000000001f9a9000 JavaThread "jar transforms Thread 331" [_thread_blocked, id=12968, stack(0x0000000028430000,0x0000000028530000)]
  0x000000001f9a8800 JavaThread "jar transforms Thread 330" [_thread_blocked, id=12880, stack(0x0000000028330000,0x0000000028430000)]
  0x000000001f9a7800 JavaThread "jar transforms Thread 329" [_thread_blocked, id=6680, stack(0x0000000028230000,0x0000000028330000)]
  0x000000001f9a7000 JavaThread "jar transforms Thread 328" [_thread_blocked, id=13016, stack(0x0000000028130000,0x0000000028230000)]
  0x000000001f9ac000 JavaThread "jar transforms Thread 327" [_thread_blocked, id=12392, stack(0x0000000028030000,0x0000000028130000)]
  0x000000001f9a5800 JavaThread "jar transforms Thread 326" [_thread_blocked, id=12368, stack(0x0000000027f30000,0x0000000028030000)]
  0x000000001f9aa000 JavaThread "jar transforms Thread 325" [_thread_blocked, id=1376, stack(0x0000000027e30000,0x0000000027f30000)]
  0x000000001f140000 JavaThread "jar transforms Thread 324" [_thread_blocked, id=11796, stack(0x0000000027d30000,0x0000000027e30000)]
  0x000000001f13f000 JavaThread "jar transforms Thread 323" [_thread_blocked, id=10400, stack(0x0000000027c30000,0x0000000027d30000)]
  0x000000001f13e000 JavaThread "jar transforms Thread 322" [_thread_blocked, id=12724, stack(0x0000000027b30000,0x0000000027c30000)]
  0x000000001f144800 JavaThread "jar transforms Thread 321" [_thread_blocked, id=8536, stack(0x0000000027a30000,0x0000000027b30000)]
  0x000000001f13c800 JavaThread "jar transforms Thread 320" [_thread_blocked, id=12448, stack(0x0000000027930000,0x0000000027a30000)]
  0x000000001f143800 JavaThread "jar transforms Thread 319" [_thread_blocked, id=7568, stack(0x0000000027830000,0x0000000027930000)]
  0x000000001f140800 JavaThread "jar transforms Thread 318" [_thread_blocked, id=12008, stack(0x0000000027730000,0x0000000027830000)]
  0x000000001f143000 JavaThread "jar transforms Thread 317" [_thread_blocked, id=12412, stack(0x0000000027630000,0x0000000027730000)]
  0x000000001f13c000 JavaThread "jar transforms Thread 316" [_thread_blocked, id=13036, stack(0x0000000027530000,0x0000000027630000)]
  0x000000001f141800 JavaThread "jar transforms Thread 315" [_thread_blocked, id=1252, stack(0x0000000027430000,0x0000000027530000)]
  0x000000001f142000 JavaThread "jar transforms Thread 314" [_thread_blocked, id=11808, stack(0x0000000027330000,0x0000000027430000)]
  0x000000001f136800 JavaThread "jar transforms Thread 313" [_thread_blocked, id=11128, stack(0x0000000027230000,0x0000000027330000)]
  0x000000001f13d800 JavaThread "jar transforms Thread 312" [_thread_blocked, id=8428, stack(0x0000000027130000,0x0000000027230000)]
  0x000000001f139800 JavaThread "jar transforms Thread 311" [_thread_blocked, id=11560, stack(0x0000000027030000,0x0000000027130000)]
  0x000000001f13a800 JavaThread "jar transforms Thread 310" [_thread_blocked, id=11268, stack(0x0000000026f30000,0x0000000027030000)]
  0x000000001f138000 JavaThread "jar transforms Thread 309" [_thread_blocked, id=9468, stack(0x0000000026e30000,0x0000000026f30000)]
  0x000000001f137800 JavaThread "jar transforms Thread 308" [_thread_blocked, id=6248, stack(0x0000000026d30000,0x0000000026e30000)]
  0x000000001f13b000 JavaThread "jar transforms Thread 307" [_thread_blocked, id=10256, stack(0x0000000026c30000,0x0000000026d30000)]
  0x000000001f139000 JavaThread "jar transforms Thread 306" [_thread_blocked, id=9004, stack(0x0000000026b30000,0x0000000026c30000)]
  0x000000001f135000 JavaThread "jar transforms Thread 305" [_thread_blocked, id=5608, stack(0x0000000026a30000,0x0000000026b30000)]
  0x000000001f136000 JavaThread "jar transforms Thread 304" [_thread_blocked, id=5596, stack(0x0000000026930000,0x0000000026a30000)]
  0x000000001abc6800 JavaThread "jar transforms Thread 303" [_thread_blocked, id=1204, stack(0x0000000026830000,0x0000000026930000)]
  0x000000001abc3800 JavaThread "jar transforms Thread 302" [_thread_blocked, id=12540, stack(0x0000000026730000,0x0000000026830000)]
  0x000000001abc5800 JavaThread "jar transforms Thread 301" [_thread_blocked, id=10940, stack(0x0000000026630000,0x0000000026730000)]
  0x000000001abc2800 JavaThread "jar transforms Thread 300" [_thread_blocked, id=13252, stack(0x0000000026530000,0x0000000026630000)]
  0x000000001abc7000 JavaThread "jar transforms Thread 299" [_thread_blocked, id=8480, stack(0x0000000026430000,0x0000000026530000)]
  0x000000001abc5000 JavaThread "jar transforms Thread 298" [_thread_blocked, id=13048, stack(0x0000000026330000,0x0000000026430000)]
  0x000000001abc4000 JavaThread "jar transforms Thread 297" [_thread_blocked, id=1008, stack(0x0000000026230000,0x0000000026330000)]
  0x000000001abc2000 JavaThread "jar transforms Thread 296" [_thread_blocked, id=9988, stack(0x0000000026130000,0x0000000026230000)]
  0x000000001abc0800 JavaThread "jar transforms Thread 295" [_thread_blocked, id=11860, stack(0x0000000026030000,0x0000000026130000)]
  0x000000001abc1000 JavaThread "jar transforms Thread 294" [_thread_blocked, id=5636, stack(0x0000000025f30000,0x0000000026030000)]
  0x000000001abb9000 JavaThread "jar transforms Thread 293" [_thread_blocked, id=12668, stack(0x0000000025e30000,0x0000000025f30000)]
  0x000000001abbf800 JavaThread "jar transforms Thread 292" [_thread_blocked, id=12640, stack(0x0000000025d30000,0x0000000025e30000)]
  0x000000001abbb000 JavaThread "jar transforms Thread 291" [_thread_blocked, id=11308, stack(0x0000000025c30000,0x0000000025d30000)]
  0x000000001abbc800 JavaThread "jar transforms Thread 290" [_thread_blocked, id=9356, stack(0x0000000025b30000,0x0000000025c30000)]
  0x000000001abb8000 JavaThread "jar transforms Thread 289" [_thread_blocked, id=9452, stack(0x0000000025a30000,0x0000000025b30000)]
  0x000000001abba800 JavaThread "jar transforms Thread 288" [_thread_blocked, id=9064, stack(0x0000000025930000,0x0000000025a30000)]
  0x000000001abbe000 JavaThread "jar transforms Thread 287" [_thread_blocked, id=3180, stack(0x0000000025830000,0x0000000025930000)]
  0x000000001abb9800 JavaThread "jar transforms Thread 286" [_thread_blocked, id=12872, stack(0x0000000025730000,0x0000000025830000)]
  0x000000001abbf000 JavaThread "jar transforms Thread 285" [_thread_blocked, id=1812, stack(0x0000000025630000,0x0000000025730000)]
  0x000000001abbd800 JavaThread "jar transforms Thread 284" [_thread_blocked, id=6812, stack(0x0000000025530000,0x0000000025630000)]
  0x000000001abbc000 JavaThread "jar transforms Thread 283" [_thread_blocked, id=1288, stack(0x0000000025430000,0x0000000025530000)]
  0x00000000197a5000 JavaThread "jar transforms Thread 282" [_thread_blocked, id=11292, stack(0x0000000025330000,0x0000000025430000)]
  0x00000000197a4800 JavaThread "jar transforms Thread 281" [_thread_blocked, id=13296, stack(0x0000000025230000,0x0000000025330000)]
  0x00000000197a3800 JavaThread "jar transforms Thread 280" [_thread_blocked, id=13300, stack(0x0000000025130000,0x0000000025230000)]
  0x00000000197a2000 JavaThread "jar transforms Thread 279" [_thread_blocked, id=9716, stack(0x0000000025030000,0x0000000025130000)]
  0x00000000197a7800 JavaThread "jar transforms Thread 278" [_thread_blocked, id=11824, stack(0x0000000024f30000,0x0000000025030000)]
  0x00000000197a8000 JavaThread "jar transforms Thread 277" [_thread_blocked, id=2588, stack(0x0000000024e30000,0x0000000024f30000)]
  0x0000000019ee4800 JavaThread "jar transforms Thread 276" [_thread_blocked, id=4008, stack(0x0000000024d30000,0x0000000024e30000)]
  0x0000000019ee3800 JavaThread "jar transforms Thread 275" [_thread_blocked, id=7532, stack(0x0000000024c30000,0x0000000024d30000)]
  0x0000000019ee3000 JavaThread "jar transforms Thread 274" [_thread_blocked, id=6940, stack(0x0000000024b30000,0x0000000024c30000)]
  0x0000000019ee0800 JavaThread "jar transforms Thread 273" [_thread_blocked, id=10468, stack(0x0000000024a30000,0x0000000024b30000)]
  0x0000000019ee2000 JavaThread "jar transforms Thread 272" [_thread_blocked, id=9652, stack(0x0000000024930000,0x0000000024a30000)]
  0x0000000019ee0000 JavaThread "jar transforms Thread 271" [_thread_blocked, id=8612, stack(0x0000000024830000,0x0000000024930000)]
  0x0000000019ed8800 JavaThread "jar transforms Thread 270" [_thread_blocked, id=9380, stack(0x0000000024730000,0x0000000024830000)]
  0x0000000019edf000 JavaThread "jar transforms Thread 269" [_thread_blocked, id=7592, stack(0x0000000024630000,0x0000000024730000)]
  0x0000000019ed7800 JavaThread "jar transforms Thread 268" [_thread_blocked, id=7924, stack(0x0000000024530000,0x0000000024630000)]
  0x0000000019ed9000 JavaThread "jar transforms Thread 267" [_thread_blocked, id=6668, stack(0x0000000024430000,0x0000000024530000)]
  0x0000000019ed6000 JavaThread "jar transforms Thread 266" [_thread_blocked, id=404, stack(0x0000000024330000,0x0000000024430000)]
  0x0000000019edd000 JavaThread "jar transforms Thread 265" [_thread_blocked, id=10372, stack(0x0000000024230000,0x0000000024330000)]
  0x0000000019ed5800 JavaThread "jar transforms Thread 264" [_thread_blocked, id=3736, stack(0x0000000024130000,0x0000000024230000)]
  0x000000001e035000 JavaThread "jar transforms Thread 263" [_thread_blocked, id=11688, stack(0x0000000024030000,0x0000000024130000)]
  0x000000001e034000 JavaThread "jar transforms Thread 262" [_thread_blocked, id=4964, stack(0x0000000023f30000,0x0000000024030000)]
  0x000000001e033800 JavaThread "jar transforms Thread 261" [_thread_blocked, id=10720, stack(0x0000000023e30000,0x0000000023f30000)]
  0x000000001e031000 JavaThread "jar transforms Thread 260" [_thread_blocked, id=6288, stack(0x0000000023d30000,0x0000000023e30000)]
  0x000000001e030800 JavaThread "jar transforms Thread 259" [_thread_blocked, id=13020, stack(0x0000000023c30000,0x0000000023d30000)]
  0x000000001e032800 JavaThread "jar transforms Thread 258" [_thread_blocked, id=13040, stack(0x0000000023b30000,0x0000000023c30000)]
  0x000000001e035800 JavaThread "jar transforms Thread 257" [_thread_blocked, id=13024, stack(0x0000000023a30000,0x0000000023b30000)]
  0x000000001e032000 JavaThread "jar transforms Thread 256" [_thread_blocked, id=13044, stack(0x0000000023930000,0x0000000023a30000)]
  0x000000001e029000 JavaThread "jar transforms Thread 255" [_thread_blocked, id=5216, stack(0x0000000023830000,0x0000000023930000)]
  0x000000001e029800 JavaThread "jar transforms Thread 254" [_thread_blocked, id=6672, stack(0x0000000023730000,0x0000000023830000)]
  0x000000001e027000 JavaThread "jar transforms Thread 253" [_thread_blocked, id=9780, stack(0x0000000023630000,0x0000000023730000)]
  0x000000001e02e000 JavaThread "jar transforms Thread 252" [_thread_blocked, id=10164, stack(0x0000000023530000,0x0000000023630000)]
  0x000000001e02a800 JavaThread "jar transforms Thread 251" [_thread_blocked, id=13288, stack(0x0000000023430000,0x0000000023530000)]
  0x000000001e026800 JavaThread "jar transforms Thread 250" [_thread_blocked, id=5072, stack(0x0000000023330000,0x0000000023430000)]
  0x000000001e02c800 JavaThread "jar transforms Thread 249" [_thread_blocked, id=11720, stack(0x0000000023230000,0x0000000023330000)]
  0x000000001de62000 JavaThread "jar transforms Thread 248" [_thread_blocked, id=11716, stack(0x0000000023130000,0x0000000023230000)]
  0x000000001de61000 JavaThread "jar transforms Thread 247" [_thread_blocked, id=12828, stack(0x0000000023030000,0x0000000023130000)]
  0x000000001de60800 JavaThread "jar transforms Thread 246" [_thread_blocked, id=700, stack(0x0000000022f30000,0x0000000023030000)]
  0x000000001de5f800 JavaThread "jar transforms Thread 245" [_thread_blocked, id=12520, stack(0x0000000022e30000,0x0000000022f30000)]
  0x000000001de5f000 JavaThread "jar transforms Thread 244" [_thread_blocked, id=12892, stack(0x0000000022d30000,0x0000000022e30000)]
  0x000000001de62800 JavaThread "jar transforms Thread 243" [_thread_blocked, id=3572, stack(0x0000000022c30000,0x0000000022d30000)]
  0x000000001de63800 JavaThread "jar transforms Thread 242" [_thread_blocked, id=5528, stack(0x0000000022b30000,0x0000000022c30000)]
  0x000000001de59000 JavaThread "jar transforms Thread 241" [_thread_blocked, id=11684, stack(0x0000000022230000,0x0000000022330000)]
  0x000000001de5b000 JavaThread "jar transforms Thread 240" [_thread_blocked, id=11132, stack(0x0000000022130000,0x0000000022230000)]
  0x000000001de5a800 JavaThread "jar transforms Thread 239" [_thread_blocked, id=9776, stack(0x0000000022030000,0x0000000022130000)]
  0x000000001de58000 JavaThread "jar transforms Thread 238" [_thread_blocked, id=7712, stack(0x0000000021f30000,0x0000000022030000)]
  0x000000001de59800 JavaThread "jar transforms Thread 237" [_thread_blocked, id=8020, stack(0x0000000021e30000,0x0000000021f30000)]
  0x000000001aba5800 JavaThread "jar transforms Thread 236" [_thread_blocked, id=13004, stack(0x0000000021d30000,0x0000000021e30000)]
  0x000000001aba1000 JavaThread "jar transforms Thread 235" [_thread_blocked, id=7904, stack(0x0000000021c30000,0x0000000021d30000)]
  0x000000001aba4800 JavaThread "jar transforms Thread 234" [_thread_blocked, id=9104, stack(0x0000000021b30000,0x0000000021c30000)]
  0x000000001aba7000 JavaThread "jar transforms Thread 233" [_thread_blocked, id=8704, stack(0x0000000021a30000,0x0000000021b30000)]
  0x000000001aba3000 JavaThread "jar transforms Thread 232" [_thread_blocked, id=12884, stack(0x0000000021230000,0x0000000021330000)]
  0x000000001aba4000 JavaThread "jar transforms Thread 231" [_thread_blocked, id=6628, stack(0x0000000020a30000,0x0000000020b30000)]
  0x000000001ab9b000 JavaThread "jar transforms Thread 230" [_thread_blocked, id=12560, stack(0x0000000020930000,0x0000000020a30000)]
  0x000000001ab9f800 JavaThread "jar transforms Thread 229" [_thread_blocked, id=12544, stack(0x000000001cb10000,0x000000001cc10000)]
  0x000000001e02f800 JavaThread "RMI Reaper" [_thread_blocked, id=11084, stack(0x000000002bb70000,0x000000002bc70000)]
  0x000000001e028000 JavaThread "RMI TCP Accept-0" daemon [_thread_in_native, id=6920, stack(0x000000002ba70000,0x000000002bb70000)]
  0x000000001e02f000 JavaThread "GC Daemon" daemon [_thread_blocked, id=1372, stack(0x000000002b970000,0x000000002ba70000)]
  0x000000001e02c000 JavaThread "RMI RenewClean-[127.0.0.1:17373,org.jetbrains.kotlin.daemon.common.LoopbackNetworkInterface$ClientLoopbackSocketFactory@731df153]" daemon [_thread_blocked, id=11680, stack(0x000000002b670000,0x000000002b770000)]
  0x000000001e02b000 JavaThread "RMI Scheduler(0)" daemon [_thread_blocked, id=10412, stack(0x000000002b170000,0x000000002b270000)]
  0x0000000019edc000 JavaThread "Daemon worker Thread 2" [_thread_blocked, id=13256, stack(0x000000001bdd0000,0x000000001bed0000)]
  0x0000000019eda800 JavaThread "Daemon Thread 2" [_thread_blocked, id=13184, stack(0x00000000006d0000,0x00000000007d0000)]
  0x000000001aba0000 JavaThread "Memory manager" [_thread_blocked, id=4812, stack(0x000000002a530000,0x000000002a630000)]
  0x00000000197a1800 JavaThread "Cache worker for file content cache (C:\Users\User\.gradle\caches\6.5\fileContent)" [_thread_blocked, id=12320, stack(0x0000000021330000,0x0000000021430000)]
  0x00000000197a6000 JavaThread "Cache worker for execution history cache (C:\Users\User\.gradle\caches\6.5\executionHistory)" [_thread_blocked, id=3756, stack(0x0000000020b30000,0x0000000020c30000)]
  0x00000000197a6800 JavaThread "Cache worker for file hash cache (C:\Users\User\.gradle\caches\6.5\fileHashes)" [_thread_blocked, id=11832, stack(0x000000001d010000,0x000000001d110000)]
  0x00000000197a3000 JavaThread "File lock request listener" [_thread_in_native, id=11588, stack(0x000000001cf10000,0x000000001d010000)]
  0x000000001a32f800 JavaThread "Cache worker for journal cache (C:\Users\User\.gradle\caches\journal-1)" [_thread_blocked, id=3860, stack(0x000000001ce10000,0x000000001cf10000)]
  0x000000001a995000 JavaThread "Daemon periodic checks" [_thread_blocked, id=13308, stack(0x000000001c210000,0x000000001c310000)]
  0x000000001a939000 JavaThread "Incoming local TCP Connector on port 60634" [_thread_in_native, id=13304, stack(0x000000001bfd0000,0x000000001c0d0000)]
  0x0000000019387000 JavaThread "Daemon health stats" [_thread_blocked, id=13280, stack(0x000000001b990000,0x000000001ba90000)]
  0x0000000018a20800 JavaThread "Service Thread" daemon [_thread_blocked, id=13240, stack(0x0000000018df0000,0x0000000018ef0000)]
  0x00000000170a3000 JavaThread "C1 CompilerThread2" daemon [_thread_blocked, id=13236, stack(0x00000000188f0000,0x00000000189f0000)]
  0x000000001709a800 JavaThread "C2 CompilerThread1" daemon [_thread_blocked, id=13232, stack(0x00000000187f0000,0x00000000188f0000)]
=>0x0000000017096800 JavaThread "C2 CompilerThread0" daemon [_thread_in_native, id=13228, stack(0x00000000186f0000,0x00000000187f0000)]
  0x0000000017095000 JavaThread "Attach Listener" daemon [_thread_blocked, id=13224, stack(0x00000000185f0000,0x00000000186f0000)]
  0x0000000017094000 JavaThread "Signal Dispatcher" daemon [_thread_blocked, id=13220, stack(0x00000000184f0000,0x00000000185f0000)]
  0x0000000002468800 JavaThread "Finalizer" daemon [_thread_blocked, id=13216, stack(0x00000000182f0000,0x00000000183f0000)]
  0x0000000002463000 JavaThread "Reference Handler" daemon [_thread_blocked, id=13212, stack(0x00000000181f0000,0x00000000182f0000)]
  0x000000000225e000 JavaThread "main" [_thread_blocked, id=13188, stack(0x0000000002270000,0x0000000002370000)]

Other Threads:
  0x0000000017055800 VMThread [stack: 0x00000000180f0000,0x00000000181f0000] [id=13208]
  0x00000000170c8800 WatcherThread [stack: 0x0000000018ef0000,0x0000000018ff0000] [id=13244]

VM state:not at safepoint (normal execution)

VM Mutex/Monitor currently owned by a thread: None

heap address: 0x0000000080000000, size: 2048 MB, Compressed Oops mode: 32-bit
Narrow klass base: 0x0000000000000000, Narrow klass shift: 3
Compressed class space size: 1073741824 Address: 0x0000000100000000

Heap:
 PSYoungGen      total 568832K, used 452127K [0x00000000d5580000, 0x00000000fbc00000, 0x0000000100000000)
  eden space 525824K, 77% used [0x00000000d5580000,0x00000000ee50d9f0,0x00000000f5700000)
  from space 43008K, 99% used [0x00000000f8d00000,0x00000000fb6fa5a8,0x00000000fb700000)
  to   space 51712K, 0% used [0x00000000f5700000,0x00000000f5700000,0x00000000f8980000)
 ParOldGen       total 154624K, used 128054K [0x0000000080000000, 0x0000000089700000, 0x00000000d5580000)
  object space 154624K, 82% used [0x0000000080000000,0x0000000087d0db78,0x0000000089700000)
 Metaspace       used 119257K, capacity 125490K, committed 125848K, reserved 1159168K
  class space    used 15147K, capacity 16457K, committed 16544K, reserved 1048576K

Card table byte_map: [0x0000000011830000,0x0000000011c40000] byte_map_base: 0x0000000011430000

Marking Bits: (ParMarkBitMap*) 0x0000000071baf030
 Begin Bits: [0x00000000122f0000, 0x00000000142f0000)
 End Bits:   [0x00000000142f0000, 0x00000000162f0000)

Polling page: 0x0000000000b90000

CodeCache: size=245760Kb used=59297Kb max_used=59297Kb free=186462Kb
 bounds [0x0000000002470000, 0x0000000005ea0000, 0x0000000011470000]
 total_blobs=17915 nmethods=16989 adapters=837
 compilation: enabled

Compilation events (10 events):
Event: 313.119 Thread 0x000000001709a800 21160       4       com.android.tools.r8.graph.i0::a (129 bytes)
Event: 313.121 Thread 0x000000001709a800 nmethod 21160 0x0000000005e91b90 code [0x0000000005e91ce0, 0x0000000005e91e98]
Event: 313.140 Thread 0x00000000170a3000 21161       3       sun.misc.JarIndex::getJarIndex (43 bytes)
Event: 313.141 Thread 0x00000000170a3000 nmethod 21161 0x0000000005e9ad10 code [0x0000000005e9af20, 0x0000000005e9b9d8]
Event: 313.142 Thread 0x00000000170a3000 21162       3       sun.misc.IOUtils::readAllBytes (7 bytes)
Event: 313.143 Thread 0x00000000170a3000 nmethod 21162 0x0000000005e94d50 code [0x0000000005e94ec0, 0x0000000005e95028]
Event: 313.143 Thread 0x00000000170a3000 21163   !   3       java.util.jar.JarFile::getBytes (154 bytes)
Event: 313.144 Thread 0x00000000170a3000 nmethod 21163 0x0000000005e9bf90 code [0x0000000005e9c260, 0x0000000005e9d448]
Event: 313.204 Thread 0x00000000170a3000 21165       3       kotlin.jvm.internal.Intrinsics::checkNotNullParameter (9 bytes)
Event: 313.204 Thread 0x00000000170a3000 nmethod 21165 0x0000000005e9a290 code [0x0000000005e9a460, 0x0000000005e9aa38]

GC Heap History (10 events):
Event: 170.050 GC heap before
{Heap before GC invocations=26 (full 4):
 PSYoungGen      total 417280K, used 384309K [0x00000000d5580000, 0x00000000f6700000, 0x0000000100000000)
  eden space 377344K, 100% used [0x00000000d5580000,0x00000000ec600000,0x00000000ec600000)
  from space 39936K, 17% used [0x00000000ec600000,0x00000000ecccd6c8,0x00000000eed00000)
  to   space 39424K, 0% used [0x00000000f4080000,0x00000000f4080000,0x00000000f6700000)
 ParOldGen       total 154624K, used 66202K [0x0000000080000000, 0x0000000089700000, 0x00000000d5580000)
  object space 154624K, 42% used [0x0000000080000000,0x00000000840a6ae8,0x0000000089700000)
 Metaspace       used 86913K, capacity 90732K, committed 90904K, reserved 1128448K
  class space    used 11293K, capacity 12018K, committed 12064K, reserved 1048576K
Event: 170.092 GC heap after
Heap after GC invocations=26 (full 4):
 PSYoungGen      total 477184K, used 11173K [0x00000000d5580000, 0x00000000f5880000, 0x0000000100000000)
  eden space 452608K, 0% used [0x00000000d5580000,0x00000000d5580000,0x00000000f0f80000)
  from space 24576K, 45% used [0x00000000f4080000,0x00000000f4b69480,0x00000000f5880000)
  to   space 37376K, 0% used [0x00000000f0f80000,0x00000000f0f80000,0x00000000f3400000)
 ParOldGen       total 154624K, used 73099K [0x0000000080000000, 0x0000000089700000, 0x00000000d5580000)
  object space 154624K, 47% used [0x0000000080000000,0x0000000084762d78,0x0000000089700000)
 Metaspace       used 86913K, capacity 90732K, committed 90904K, reserved 1128448K
  class space    used 11293K, capacity 12018K, committed 12064K, reserved 1048576K
}
Event: 174.792 GC heap before
{Heap before GC invocations=27 (full 4):
 PSYoungGen      total 477184K, used 463781K [0x00000000d5580000, 0x00000000f5880000, 0x0000000100000000)
  eden space 452608K, 100% used [0x00000000d5580000,0x00000000f0f80000,0x00000000f0f80000)
  from space 24576K, 45% used [0x00000000f4080000,0x00000000f4b69480,0x00000000f5880000)
  to   space 37376K, 0% used [0x00000000f0f80000,0x00000000f0f80000,0x00000000f3400000)
 ParOldGen       total 154624K, used 73099K [0x0000000080000000, 0x0000000089700000, 0x00000000d5580000)
  object space 154624K, 47% used [0x0000000080000000,0x0000000084762d78,0x0000000089700000)
 Metaspace       used 100130K, capacity 104924K, committed 105112K, reserved 1140736K
  class space    used 13022K, capacity 13978K, committed 13984K, reserved 1048576K
Event: 174.855 GC heap after
Heap after GC invocations=27 (full 4):
 PSYoungGen      total 489984K, used 36029K [0x00000000d5580000, 0x00000000fb700000, 0x0000000100000000)
  eden space 452608K, 0% used [0x00000000d5580000,0x00000000d5580000,0x00000000f0f80000)
  from space 37376K, 96% used [0x00000000f0f80000,0x00000000f32af680,0x00000000f3400000)
  to   space 43008K, 0% used [0x00000000f8d00000,0x00000000f8d00000,0x00000000fb700000)
 ParOldGen       total 154624K, used 77902K [0x0000000080000000, 0x0000000089700000, 0x00000000d5580000)
  object space 154624K, 50% used [0x0000000080000000,0x0000000084c13ae8,0x0000000089700000)
 Metaspace       used 100130K, capacity 104924K, committed 105112K, reserved 1140736K
  class space    used 13022K, capacity 13978K, committed 13984K, reserved 1048576K
}
Event: 267.721 GC heap before
{Heap before GC invocations=28 (full 4):
 PSYoungGen      total 489984K, used 488637K [0x00000000d5580000, 0x00000000fb700000, 0x0000000100000000)
  eden space 452608K, 100% used [0x00000000d5580000,0x00000000f0f80000,0x00000000f0f80000)
  from space 37376K, 96% used [0x00000000f0f80000,0x00000000f32af680,0x00000000f3400000)
  to   space 43008K, 0% used [0x00000000f8d00000,0x00000000f8d00000,0x00000000fb700000)
 ParOldGen       total 154624K, used 77902K [0x0000000080000000, 0x0000000089700000, 0x00000000d5580000)
  object space 154624K, 50% used [0x0000000080000000,0x0000000084c13ae8,0x0000000089700000)
 Metaspace       used 105764K, capacity 111472K, committed 111768K, reserved 1146880K
  class space    used 13743K, capacity 14949K, committed 15008K, reserved 1048576K
Event: 267.791 GC heap after
Heap after GC invocations=28 (full 4):
 PSYoungGen      total 568832K, used 42979K [0x00000000d5580000, 0x00000000fbc00000, 0x0000000100000000)
  eden space 525824K, 0% used [0x00000000d5580000,0x00000000d5580000,0x00000000f5700000)
  from space 43008K, 99% used [0x00000000f8d00000,0x00000000fb6f8da0,0x00000000fb700000)
  to   space 51712K, 0% used [0x00000000f5700000,0x00000000f5700000,0x00000000f8980000)
 ParOldGen       total 154624K, used 81446K [0x0000000080000000, 0x0000000089700000, 0x00000000d5580000)
  object space 154624K, 52% used [0x0000000080000000,0x0000000084f89990,0x0000000089700000)
 Metaspace       used 105764K, capacity 111472K, committed 111768K, reserved 1146880K
  class space    used 13743K, capacity 14949K, committed 15008K, reserved 1048576K
}
Event: 301.570 GC heap before
{Heap before GC invocations=29 (full 4):
 PSYoungGen      total 568832K, used 568803K [0x00000000d5580000, 0x00000000fbc00000, 0x0000000100000000)
  eden space 525824K, 100% used [0x00000000d5580000,0x00000000f5700000,0x00000000f5700000)
  from space 43008K, 99% used [0x00000000f8d00000,0x00000000fb6f8da0,0x00000000fb700000)
  to   space 51712K, 0% used [0x00000000f5700000,0x00000000f5700000,0x00000000f8980000)
 ParOldGen       total 154624K, used 81446K [0x0000000080000000, 0x0000000089700000, 0x00000000d5580000)
  object space 154624K, 52% used [0x0000000080000000,0x0000000084f89990,0x0000000089700000)
 Metaspace       used 106601K, capacity 112444K, committed 112664K, reserved 1146880K
  class space    used 13792K, capacity 15019K, committed 15136K, reserved 1048576K
Event: 302.189 GC heap after
Heap after GC invocations=29 (full 4):
 PSYoungGen      total 577536K, used 32566K [0x00000000d5580000, 0x00000000fbc00000, 0x0000000100000000)
  eden space 525824K, 0% used [0x00000000d5580000,0x00000000d5580000,0x00000000f5700000)
  from space 51712K, 62% used [0x00000000f5700000,0x00000000f76cdba8,0x00000000f8980000)
  to   space 43008K, 0% used [0x00000000f8d00000,0x00000000f8d00000,0x00000000fb700000)
 ParOldGen       total 154624K, used 120761K [0x0000000080000000, 0x0000000089700000, 0x00000000d5580000)
  object space 154624K, 78% used [0x0000000080000000,0x00000000875ee4d0,0x0000000089700000)
 Metaspace       used 106601K, capacity 112444K, committed 112664K, reserved 1146880K
  class space    used 13792K, capacity 15019K, committed 15136K, reserved 1048576K
}
Event: 305.224 GC heap before
{Heap before GC invocations=30 (full 4):
 PSYoungGen      total 577536K, used 558390K [0x00000000d5580000, 0x00000000fbc00000, 0x0000000100000000)
  eden space 525824K, 100% used [0x00000000d5580000,0x00000000f5700000,0x00000000f5700000)
  from space 51712K, 62% used [0x00000000f5700000,0x00000000f76cdba8,0x00000000f8980000)
  to   space 43008K, 0% used [0x00000000f8d00000,0x00000000f8d00000,0x00000000fb700000)
 ParOldGen       total 154624K, used 120761K [0x0000000080000000, 0x0000000089700000, 0x00000000d5580000)
  object space 154624K, 78% used [0x0000000080000000,0x00000000875ee4d0,0x0000000089700000)
 Metaspace       used 106682K, capacity 112514K, committed 112664K, reserved 1146880K
  class space    used 13794K, capacity 15020K, committed 15136K, reserved 1048576K
Event: 305.299 GC heap after
Heap after GC invocations=30 (full 4):
 PSYoungGen      total 568832K, used 42985K [0x00000000d5580000, 0x00000000fbc00000, 0x0000000100000000)
  eden space 525824K, 0% used [0x00000000d5580000,0x00000000d5580000,0x00000000f5700000)
  from space 43008K, 99% used [0x00000000f8d00000,0x00000000fb6fa5a8,0x00000000fb700000)
  to   space 51712K, 0% used [0x00000000f5700000,0x00000000f5700000,0x00000000f8980000)
 ParOldGen       total 154624K, used 128054K [0x0000000080000000, 0x0000000089700000, 0x00000000d5580000)
  object space 154624K, 82% used [0x0000000080000000,0x0000000087d0db78,0x0000000089700000)
 Metaspace       used 106682K, capacity 112514K, committed 112664K, reserved 1146880K
  class space    used 13794K, capacity 15020K, committed 15136K, reserved 1048576K
}

Deoptimization events (10 events):
Event: 312.158 Thread 0x00000000206c5800 Uncommon trap: reason=unstable_if action=reinterpret pc=0x000000000353aa00 method=com.android.tools.r8.utils.Y.d(I)Z @ 45
Event: 312.296 Thread 0x000000001ab9d000 Uncommon trap: reason=array_check action=maybe_recompile pc=0x0000000005a025c0 method=java.util.ComparableTimSort.reverseRange([Ljava/lang/Object;II)V @ 27
Event: 312.296 Thread 0x000000001ab9d000 Uncommon trap: reason=array_check action=maybe_recompile pc=0x0000000005a025c0 method=java.util.ComparableTimSort.reverseRange([Ljava/lang/Object;II)V @ 27
Event: 312.358 Thread 0x000000001ab9d000 Uncommon trap: reason=unstable_if action=reinterpret pc=0x00000000036efd20 method=com.sun.tools.javac.util.Name$Table.equals([BI[BII)Z @ 22
Event: 312.613 Thread 0x000000001ab9d000 Uncommon trap: reason=unstable_if action=reinterpret pc=0x0000000003d0708c method=java.lang.CharacterDataLatin1.isJavaIdentifierPart(I)Z @ 11
Event: 312.697 Thread 0x00000000206c5800 Uncommon trap: reason=unstable_if action=reinterpret pc=0x0000000005ce56a8 method=com.android.tools.r8.z.a.a.f.a(Lcom/android/tools/r8/z/a/a/a;ILjava/lang/String;[C)I @ 1
Event: 312.979 Thread 0x00000000206c5800 Uncommon trap: reason=unstable_if action=reinterpret pc=0x0000000005cf2594 method=com.android.tools.r8.z.a.a.f.a(II[C)Ljava/lang/String; @ 59
Event: 312.979 Thread 0x00000000206c5800 Uncommon trap: reason=unstable_if action=reinterpret pc=0x0000000005a676f0 method=com.android.tools.r8.graph.i0.a(C)I @ 16
Event: 312.979 Thread 0x00000000206c5800 Uncommon trap: reason=unstable_if action=reinterpret pc=0x0000000005828054 method=com.android.tools.r8.graph.i0.a(C[BI)I @ 27
Event: 312.979 Thread 0x00000000206c5800 Uncommon trap: reason=unstable_if action=reinterpret pc=0x0000000005bf58c4 method=com.android.tools.r8.z.a.a.f.a(II[C)Ljava/lang/String; @ 59

Classes redefined (0 events):
No events

Internal exceptions (10 events):
Event: 307.965 Thread 0x0000000019edc000 Exception <a 'java/lang/NoSuchMethodError': <clinit>> (0x00000000e070c040) thrown at [C:\src\AOSP-openjdk-git\hotspot\src\share\vm\prims\jni.cpp, line 1615]
Event: 307.979 Thread 0x000000001ab9e800 Exception <a 'sun/nio/fs/WindowsException'> (0x00000000e0918c70) thrown at [C:\src\AOSP-openjdk-git\hotspot\src\share\vm\prims\jni.cpp, line 710]
Event: 307.979 Thread 0x000000001ab9a000 Exception <a 'sun/nio/fs/WindowsException'> (0x00000000e08f9ce0) thrown at [C:\src\AOSP-openjdk-git\hotspot\src\share\vm\prims\jni.cpp, line 710]
Event: 307.980 Thread 0x000000001ab9a000 Exception <a 'sun/nio/fs/WindowsException'> (0x00000000e08faa00) thrown at [C:\src\AOSP-openjdk-git\hotspot\src\share\vm\prims\jni.cpp, line 710]
Event: 307.983 Thread 0x000000001ab9e800 Exception <a 'sun/nio/fs/WindowsException'> (0x00000000e09199f0) thrown at [C:\src\AOSP-openjdk-git\hotspot\src\share\vm\prims\jni.cpp, line 710]
Event: 307.983 Thread 0x000000001ab9e000 Exception <a 'sun/nio/fs/WindowsException'> (0x00000000e08db540) thrown at [C:\src\AOSP-openjdk-git\hotspot\src\share\vm\prims\jni.cpp, line 710]
Event: 310.992 Thread 0x00000000206c5800 Exception <a 'java/lang/NoSuchMethodError': java.lang.Object.lambda$static$0(Ljava/lang/String;)Z> (0x00000000e3a02300) thrown at [C:\src\AOSP-openjdk-git\hotspot\src\share\vm\interpreter\linkResolver.cpp, line 620]
Event: 311.712 Thread 0x00000000206c5800 Exception <a 'sun/nio/fs/WindowsException'> (0x00000000e6d01078) thrown at [C:\src\AOSP-openjdk-git\hotspot\src\share\vm\prims\jni.cpp, line 710]
Event: 312.549 Thread 0x00000000206c5800 Exception <a 'java/lang/IncompatibleClassChangeError': Found class java.lang.Object, but interface was expected> (0x00000000ead2fa90) thrown at [C:\src\AOSP-openjdk-git\hotspot\src\share\vm\interpreter\linkResolver.cpp, line 653]
Event: 313.173 Thread 0x00000000206c5800 Exception <a 'java/lang/NoSuchMethodError': java.lang.Object.b(Lcom/android/tools/r8/graph/p1$b;)Lcom/android/tools/r8/graph/p1$b;> (0x00000000edff5850) thrown at [C:\src\AOSP-openjdk-git\hotspot\src\share\vm\interpreter\linkResolver.cpp, line 620]

Events (10 events):
Event: 313.207 loading class com/android/tools/r8/code/k2
Event: 313.207 loading class com/android/tools/r8/code/k2 done
Event: 313.207 loading class com/android/tools/r8/s/b/x0
Event: 313.207 loading class com/android/tools/r8/s/b/x0 done
Event: 313.208 loading class com/android/tools/r8/s/b/v0
Event: 313.208 loading class com/android/tools/r8/s/b/v0 done
Event: 313.208 loading class com/android/tools/r8/s/b/w0
Event: 313.208 loading class com/android/tools/r8/s/b/w0 done
Event: 313.209 loading class com/android/tools/r8/s/b/z0
Event: 313.209 loading class com/android/tools/r8/s/b/z0 done


Dynamic libraries:
0x00007ff764280000 - 0x00007ff7642b1000 	C:\Program Files\Android\Android Studio\jre\bin\java.exe
0x00007fff9acf0000 - 0x00007fff9aee5000 	C:\Windows\SYSTEM32\ntdll.dll
0x00007fff99ed0000 - 0x00007fff99f8d000 	C:\Windows\System32\KERNEL32.DLL
0x00007fff984d0000 - 0x00007fff98798000 	C:\Windows\System32\KERNELBASE.dll
0x00007fff99360000 - 0x00007fff9940c000 	C:\Windows\System32\ADVAPI32.dll
0x00007fff9a9f0000 - 0x00007fff9aa8e000 	C:\Windows\System32\msvcrt.dll
0x00007fff99e30000 - 0x00007fff99ecb000 	C:\Windows\System32\sechost.dll
0x00007fff9a350000 - 0x00007fff9a47b000 	C:\Windows\System32\RPCRT4.dll
0x00007fff98d50000 - 0x00007fff98ef0000 	C:\Windows\System32\USER32.dll
0x00007fff98c40000 - 0x00007fff98c62000 	C:\Windows\System32\win32u.dll
0x00007fff9a150000 - 0x00007fff9a17a000 	C:\Windows\System32\GDI32.dll
0x00007fff987a0000 - 0x00007fff988ab000 	C:\Windows\System32\gdi32full.dll
0x00007fff98430000 - 0x00007fff984cd000 	C:\Windows\System32\msvcp_win.dll
0x00007fff988b0000 - 0x00007fff989b0000 	C:\Windows\System32\ucrtbase.dll
0x00007fff91280000 - 0x00007fff9151a000 	C:\Windows\WinSxS\amd64_microsoft.windows.common-controls_6595b64144ccf1df_6.0.19041.844_none_ca00b6081b84eb1d\COMCTL32.dll
0x00007fff9a180000 - 0x00007fff9a1b0000 	C:\Windows\System32\IMM32.DLL
0x0000000071200000 - 0x00000000712d2000 	C:\Program Files\Android\Android Studio\jre\jre\bin\msvcr100.dll
0x00000000713e0000 - 0x0000000071c2b000 	C:\Program Files\Android\Android Studio\jre\jre\bin\server\jvm.dll
0x00007fff9a260000 - 0x00007fff9a268000 	C:\Windows\System32\PSAPI.DLL
0x00007fff92550000 - 0x00007fff9255a000 	C:\Windows\SYSTEM32\VERSION.dll
0x00007fff91520000 - 0x00007fff91547000 	C:\Windows\SYSTEM32\WINMM.dll
0x00007fff84780000 - 0x00007fff84789000 	C:\Windows\SYSTEM32\WSOCK32.dll
0x00007fff9aa90000 - 0x00007fff9aafb000 	C:\Windows\System32\WS2_32.dll
0x00007fff84770000 - 0x00007fff8477f000 	C:\Program Files\Android\Android Studio\jre\jre\bin\verify.dll
0x00007fff84740000 - 0x00007fff84769000 	C:\Program Files\Android\Android Studio\jre\jre\bin\java.dll
0x00007fff84720000 - 0x00007fff84736000 	C:\Program Files\Android\Android Studio\jre\jre\bin\zip.dll
0x00007fff99630000 - 0x00007fff99d72000 	C:\Windows\System32\SHELL32.dll
0x00007fff965a0000 - 0x00007fff96d30000 	C:\Windows\SYSTEM32\windows.storage.dll
0x00007fff9a4e0000 - 0x00007fff9a835000 	C:\Windows\System32\combase.dll
0x00007fff97e30000 - 0x00007fff97e5c000 	C:\Windows\SYSTEM32\Wldp.dll
0x00007fff99d80000 - 0x00007fff99e2e000 	C:\Windows\System32\SHCORE.dll
0x00007fff995d0000 - 0x00007fff99625000 	C:\Windows\System32\shlwapi.dll
0x00007fff98370000 - 0x00007fff9838f000 	C:\Windows\SYSTEM32\profapi.dll
0x00007fff84700000 - 0x00007fff8471a000 	C:\Program Files\Android\Android Studio\jre\jre\bin\net.dll
0x00007fff97b40000 - 0x00007fff97baa000 	C:\Windows\system32\mswsock.dll
0x00007fff66b50000 - 0x00007fff66b63000 	C:\Program Files\Android\Android Studio\jre\jre\bin\nio.dll
0x00007fff88540000 - 0x00007fff88567000 	C:\Users\User\.gradle\native\f6784746aeab05261644944871eae4fe03e0ef1612fff0a4a95f87b438bc6780\windows-amd64\native-platform.dll
0x00007fff846f0000 - 0x00007fff846fd000 	C:\Program Files\Android\Android Studio\jre\jre\bin\management.dll
0x00007fff97d10000 - 0x00007fff97d28000 	C:\Windows\SYSTEM32\CRYPTSP.dll
0x00007fff974e0000 - 0x00007fff97514000 	C:\Windows\system32\rsaenh.dll
0x00007fff98cc0000 - 0x00007fff98ce7000 	C:\Windows\System32\bcrypt.dll
0x00007fff98330000 - 0x00007fff9835e000 	C:\Windows\SYSTEM32\USERENV.dll
0x00007fff98bc0000 - 0x00007fff98c40000 	C:\Windows\System32\bcryptprimitives.dll
0x00007fff97d30000 - 0x00007fff97d3c000 	C:\Windows\SYSTEM32\CRYPTBASE.dll
0x00007fff97830000 - 0x00007fff9786b000 	C:\Windows\SYSTEM32\IPHLPAPI.DLL
0x00007fff9ab60000 - 0x00007fff9ab68000 	C:\Windows\System32\NSI.dll
0x00007fff925c0000 - 0x00007fff925d7000 	C:\Windows\SYSTEM32\dhcpcsvc6.DLL
0x00007fff925a0000 - 0x00007fff925bd000 	C:\Windows\SYSTEM32\dhcpcsvc.DLL
0x00007fff97870000 - 0x00007fff9793c000 	C:\Windows\SYSTEM32\DNSAPI.dll
0x00007fff92280000 - 0x00007fff9228b000 	C:\Windows\SYSTEM32\WINNSI.DLL
0x00007fff97170000 - 0x00007fff971a3000 	C:\Windows\SYSTEM32\ntmarta.dll
0x00007fff885b0000 - 0x00007fff885ce000 	C:\Users\User\AppData\Local\Temp\native-platform3932538697785770556dir\native-platform.dll

VM Arguments:
jvm_args: -Xmx2048m -Dfile.encoding=UTF-8 -Duser.country=ID -Duser.language=en -Duser.variant 
java_command: org.gradle.launcher.daemon.bootstrap.GradleDaemon 6.5
java_class_path (initial): C:\Users\User\.gradle\wrapper\dists\gradle-6.5-bin\6nifqtx7604sqp1q6g8wikw7p\gradle-6.5\lib\gradle-launcher-6.5.jar
Launcher Type: SUN_STANDARD

Environment Variables:
JAVA_HOME=C:\Program Files\Zulu\zulu-8
PATH=C:\Program Files\Zulu\zulu-8\bin\;C:\Windows\system32;C:\Windows;C:\Windows\System32\Wbem;C:\Windows\System32\WindowsPowerShell\v1.0\;C:\Windows\System32\OpenSSH\;C:\Program Files\Git\cmd;C:\laragon\bin\php\php-7.4.10-Win32-vc15-x64;C:\ProgramData\ComposerSetup\bin;C:\Program Files\nodejs\;C:\ProgramData\chocolatey\bin;C:\Program Files\Gradle\gradle-6.6\bin;;C:\Program Files\NVIDIA Corporation\NVIDIA NvDLISR;C:\Program Files (x86)\Bitvise SSH Client;C:\Program Files\Docker\Docker\resources\bin;C:\ProgramData\DockerDesktop\version-bin;C:\Users\User\AppData\Local\Microsoft\WindowsApps;C:\Users\User\AppData\Local\Programs\Microsoft VS Code\bin;C:\MinGW\bin;C:\Users\User\AppData\Roaming\Composer\vendor\bin;C:\Users\User\AppData\Roaming\npm;C:\Program Files\JetBrains\IntelliJ IDEA Community Edition 2020.3.2\bin;;
USERNAME=User
OS=Windows_NT
PROCESSOR_IDENTIFIER=Intel64 Family 6 Model 58 Stepping 9, GenuineIntel



---------------  S Y S T E M  ---------------

OS: Windows 10.0 , 64 bit Build 19041 (10.0.19041.928)

CPU:total 4 (initial active 4) (4 cores per cpu, 1 threads per core) family 6 model 58 stepping 9, cmov, cx8, fxsr, mmx, sse, sse2, sse3, ssse3, sse4.1, sse4.2, popcnt, avx, aes, clmul, erms, tsc, tscinvbit, tscinv

Memory: 4k page, physical 6232952k(342104k free), swap 10596304k(4748k free)

vm_info: OpenJDK 64-Bit Server VM (25.242-b01) for windows-amd64 JRE (1.8.0_242-release-1644-b01), built by "builder" with MS VC++ 10.0 (VS2010)

time: Sat May 29 22:03:32 2021
timezone: SE Asia Standard Time
elapsed time: 313 seconds (0d 0h 5m 13s)

