#
# There is insufficient memory for the Java Runtime Environment to continue.
# Native memory allocation (malloc) failed to allocate 464496 bytes for Chunk::new
# Possible reasons:
#   The system is out of physical RAM or swap space
#   The process is running with CompressedOops enabled, and the Java Heap may be blocking the growth of the native heap
# Possible solutions:
#   Reduce memory load on the system
#   Increase physical memory or swap space
#   Check if swap backing store is full
#   Decrease Java heap size (-Xmx/-Xms)
#   Decrease number of Java threads
#   Decrease Java thread stack sizes (-Xss)
#   Set larger code cache with -XX:ReservedCodeCacheSize=
#   JVM is running with Unscaled Compressed Oops mode in which the Java heap is
#     placed in the first 4GB address space. The Java Heap base address is the
#     maximum limit for the native heap growth. Please use -XX:HeapBaseMinAddress
#     to set the Java Heap base and to place the Java Heap above 4GB virtual address.
# This output file may be truncated or incomplete.
#
#  Out of Memory Error (allocation.cpp:389), pid=11172, tid=0x000000000000018c
#
# JRE version: OpenJDK Runtime Environment (8.0_242-b01) (build 1.8.0_242-release-1644-b01)
# Java VM: OpenJDK 64-Bit Server VM (25.242-b01 mixed mode windows-amd64 compressed oops)
# Failed to write core dump. Minidumps are not enabled by default on client versions of Windows
#

---------------  T H R E A D  ---------------

Current thread (0x000000001795a000):  JavaThread "C2 CompilerThread1" daemon [_thread_in_native, id=396, stack(0x00000000190a0000,0x00000000191a0000)]

Stack: [0x00000000190a0000,0x00000000191a0000]
[error occurred during error reporting (printing stack bounds), id 0xc0000005]

Native frames: (J=compiled Java code, j=interpreted, Vv=VM code, C=native code)


Current CompileTask:
C2:  42405 9913   !   4       com.google.common.cache.LocalCache$Segment::storeLoadedValue (371 bytes)


---------------  P R O C E S S  ---------------

Java Threads: ( => current thread )
  0x000000001aa6a000 JavaThread "RMI TCP Connection(1)-127.0.0.1" daemon [_thread_in_native, id=6472, stack(0x000000002ca10000,0x000000002cb10000)]
  0x000000001aa64000 JavaThread "RMI Reaper" [_thread_blocked, id=6988, stack(0x000000002c910000,0x000000002ca10000)]
  0x000000001aa67800 JavaThread "RMI TCP Accept-0" daemon [_thread_in_native, id=860, stack(0x000000002c810000,0x000000002c910000)]
  0x000000001aa66000 JavaThread "GC Daemon" daemon [_thread_blocked, id=2312, stack(0x000000002c710000,0x000000002c810000)]
  0x000000001aa6a800 JavaThread "RMI RenewClean-[127.0.0.1:17528,org.jetbrains.kotlin.daemon.common.LoopbackNetworkInterface$ClientLoopbackSocketFactory@78ac2f64]" daemon [_thread_blocked, id=6560, stack(0x000000002c610000,0x000000002c710000)]
  0x000000001aa68800 JavaThread "RMI Scheduler(0)" daemon [_thread_blocked, id=5612, stack(0x000000002c510000,0x000000002c610000)]
  0x000000001aa61800 JavaThread "Cache worker for execution history cache (D:\Bangkit\batique-app\.gradle\6.5\executionHistory)" [_thread_blocked, id=4764, stack(0x000000002bc10000,0x000000002bd10000)]
  0x000000001aa60000 JavaThread "Execution worker for ':' Thread 3" [_thread_blocked, id=9776, stack(0x000000002bb10000,0x000000002bc10000)]
  0x000000001aa63000 JavaThread "Execution worker for ':' Thread 2" [_thread_in_native, id=6944, stack(0x000000002b7c0000,0x000000002b8c0000)]
  0x000000001aa5f800 JavaThread "Execution worker for ':'" [_thread_blocked, id=2392, stack(0x000000002b390000,0x000000002b490000)]
  0x000000001aa61000 JavaThread "Cache worker for file content cache (D:\Bangkit\batique-app\.gradle\6.5\fileContent)" [_thread_blocked, id=6352, stack(0x000000002b4c0000,0x000000002b5c0000)]
  0x000000001aa5e800 JavaThread "Memory manager" [_thread_blocked, id=9436, stack(0x000000002a2d0000,0x000000002a3d0000)]
  0x000000001e049000 JavaThread "Cache worker for Build Output Cleanup Cache (D:\Bangkit\batique-app\.gradle\buildOutputCleanup)" [_thread_blocked, id=9372, stack(0x0000000029bd0000,0x0000000029cd0000)]
  0x000000001e043800 JavaThread "jar transforms Thread 114" [_thread_blocked, id=2396, stack(0x00000000298d0000,0x00000000299d0000)]
  0x000000001e045000 JavaThread "jar transforms Thread 113" [_thread_blocked, id=7664, stack(0x00000000297d0000,0x00000000298d0000)]
  0x000000001e048000 JavaThread "jar transforms Thread 112" [_thread_blocked, id=2860, stack(0x00000000296d0000,0x00000000297d0000)]
  0x000000001e047800 JavaThread "jar transforms Thread 111" [_thread_blocked, id=5288, stack(0x00000000295d0000,0x00000000296d0000)]
  0x000000001e046800 JavaThread "jar transforms Thread 110" [_thread_blocked, id=3584, stack(0x00000000294d0000,0x00000000295d0000)]
  0x000000001e046000 JavaThread "jar transforms Thread 109" [_thread_blocked, id=10652, stack(0x00000000293d0000,0x00000000294d0000)]
  0x000000001e03c000 JavaThread "jar transforms Thread 108" [_thread_blocked, id=9224, stack(0x00000000292d0000,0x00000000293d0000)]
  0x000000001e03d800 JavaThread "jar transforms Thread 107" [_thread_blocked, id=7144, stack(0x00000000291d0000,0x00000000292d0000)]
  0x000000001e03d000 JavaThread "jar transforms Thread 106" [_thread_blocked, id=10568, stack(0x00000000290d0000,0x00000000291d0000)]
  0x000000001e043000 JavaThread "jar transforms Thread 105" [_thread_blocked, id=6272, stack(0x0000000028fd0000,0x00000000290d0000)]
  0x000000001e03b800 JavaThread "jar transforms Thread 104" [_thread_blocked, id=7132, stack(0x0000000028ed0000,0x0000000028fd0000)]
  0x000000001e042000 JavaThread "jar transforms Thread 103" [_thread_blocked, id=9956, stack(0x0000000028dd0000,0x0000000028ed0000)]
  0x000000001e03a800 JavaThread "jar transforms Thread 102" [_thread_blocked, id=8568, stack(0x0000000028cd0000,0x0000000028dd0000)]
  0x000000001e03e800 JavaThread "jar transforms Thread 101" [_thread_blocked, id=9308, stack(0x0000000028bd0000,0x0000000028cd0000)]
  0x000000001e03f000 JavaThread "jar transforms Thread 100" [_thread_blocked, id=2692, stack(0x0000000028ad0000,0x0000000028bd0000)]
  0x000000001e041800 JavaThread "jar transforms Thread 99" [_thread_blocked, id=7692, stack(0x00000000289d0000,0x0000000028ad0000)]
  0x000000001e040800 JavaThread "jar transforms Thread 98" [_thread_blocked, id=752, stack(0x00000000288d0000,0x00000000289d0000)]
  0x000000001e040000 JavaThread "jar transforms Thread 97" [_thread_blocked, id=2468, stack(0x00000000287d0000,0x00000000288d0000)]
  0x000000001f530000 JavaThread "jar transforms Thread 96" [_thread_blocked, id=4664, stack(0x00000000286d0000,0x00000000287d0000)]
  0x000000001f52f800 JavaThread "jar transforms Thread 95" [_thread_blocked, id=6716, stack(0x00000000285d0000,0x00000000286d0000)]
  0x000000001f52d000 JavaThread "jar transforms Thread 94" [_thread_blocked, id=1168, stack(0x00000000284d0000,0x00000000285d0000)]
  0x000000001f52c800 JavaThread "jar transforms Thread 93" [_thread_blocked, id=6116, stack(0x00000000283d0000,0x00000000284d0000)]
  0x000000001f52e000 JavaThread "jar transforms Thread 92" [_thread_blocked, id=4092, stack(0x00000000282d0000,0x00000000283d0000)]
  0x000000001f52e800 JavaThread "jar transforms Thread 91" [_thread_blocked, id=8396, stack(0x00000000281d0000,0x00000000282d0000)]
  0x000000001f533000 JavaThread "jar transforms Thread 90" [_thread_blocked, id=10880, stack(0x00000000280d0000,0x00000000281d0000)]
  0x000000001f532800 JavaThread "jar transforms Thread 89" [_thread_blocked, id=7152, stack(0x0000000027fd0000,0x00000000280d0000)]
  0x000000001f531000 JavaThread "jar transforms Thread 88" [_thread_blocked, id=5692, stack(0x0000000027ed0000,0x0000000027fd0000)]
  0x000000001f531800 JavaThread "jar transforms Thread 87" [_thread_blocked, id=4116, stack(0x0000000027dd0000,0x0000000027ed0000)]
  0x000000001f525000 JavaThread "jar transforms Thread 86" [_thread_blocked, id=11848, stack(0x0000000027cd0000,0x0000000027dd0000)]
  0x000000001f52b800 JavaThread "jar transforms Thread 85" [_thread_blocked, id=9688, stack(0x0000000027bd0000,0x0000000027cd0000)]
  0x000000001f529800 JavaThread "jar transforms Thread 84" [_thread_blocked, id=11044, stack(0x0000000027ad0000,0x0000000027bd0000)]
  0x000000001f524000 JavaThread "jar transforms Thread 83" [_thread_blocked, id=4528, stack(0x00000000279d0000,0x0000000027ad0000)]
  0x000000001f528800 JavaThread "jar transforms Thread 82" [_thread_blocked, id=9540, stack(0x00000000278d0000,0x00000000279d0000)]
  0x000000001f527000 JavaThread "jar transforms Thread 81" [_thread_blocked, id=10784, stack(0x00000000277d0000,0x00000000278d0000)]
  0x000000001f528000 JavaThread "jar transforms Thread 80" [_thread_blocked, id=2348, stack(0x00000000276d0000,0x00000000277d0000)]
  0x000000001f526800 JavaThread "jar transforms Thread 79" [_thread_blocked, id=9764, stack(0x00000000275d0000,0x00000000276d0000)]
  0x000000001f525800 JavaThread "jar transforms Thread 78" [_thread_blocked, id=2516, stack(0x00000000274d0000,0x00000000275d0000)]
  0x000000001f52b000 JavaThread "jar transforms Thread 77" [_thread_blocked, id=2952, stack(0x00000000273d0000,0x00000000274d0000)]
  0x000000001f52a000 JavaThread "jar transforms Thread 76" [_thread_blocked, id=9132, stack(0x00000000272d0000,0x00000000273d0000)]
  0x000000001f513000 JavaThread "jar transforms Thread 75" [_thread_blocked, id=7320, stack(0x00000000271d0000,0x00000000272d0000)]
  0x000000001f50b800 JavaThread "jar transforms Thread 74" [_thread_blocked, id=5752, stack(0x00000000270d0000,0x00000000271d0000)]
  0x000000001f50f800 JavaThread "jar transforms Thread 73" [_thread_blocked, id=6704, stack(0x0000000026fd0000,0x00000000270d0000)]
  0x000000001f512800 JavaThread "jar transforms Thread 72" [_thread_blocked, id=11436, stack(0x0000000026ed0000,0x0000000026fd0000)]
  0x000000001f50e800 JavaThread "jar transforms Thread 71" [_thread_blocked, id=7740, stack(0x0000000026dd0000,0x0000000026ed0000)]
  0x000000001f511000 JavaThread "jar transforms Thread 70" [_thread_blocked, id=9420, stack(0x0000000026cd0000,0x0000000026dd0000)]
  0x000000001f511800 JavaThread "jar transforms Thread 69" [_thread_blocked, id=12092, stack(0x0000000026bd0000,0x0000000026cd0000)]
  0x000000001f50e000 JavaThread "jar transforms Thread 68" [_thread_blocked, id=4616, stack(0x0000000026ad0000,0x0000000026bd0000)]
  0x000000001f510000 JavaThread "jar transforms Thread 67" [_thread_blocked, id=3008, stack(0x00000000269d0000,0x0000000026ad0000)]
  0x000000001f50d000 JavaThread "jar transforms Thread 66" [_thread_blocked, id=5424, stack(0x00000000268d0000,0x00000000269d0000)]
  0x000000001f50c800 JavaThread "jar transforms Thread 65" [_thread_blocked, id=8452, stack(0x00000000267d0000,0x00000000268d0000)]
  0x000000001f504000 JavaThread "jar transforms Thread 64" [_thread_blocked, id=12044, stack(0x00000000266d0000,0x00000000267d0000)]
  0x000000001f507000 JavaThread "jar transforms Thread 63" [_thread_blocked, id=1804, stack(0x00000000265d0000,0x00000000266d0000)]
  0x000000001f508000 JavaThread "jar transforms Thread 62" [_thread_blocked, id=5868, stack(0x00000000264d0000,0x00000000265d0000)]
  0x000000001f508800 JavaThread "jar transforms Thread 61" [_thread_blocked, id=9816, stack(0x00000000263d0000,0x00000000264d0000)]
  0x000000001f50b000 JavaThread "jar transforms Thread 60" [_thread_blocked, id=3120, stack(0x00000000262d0000,0x00000000263d0000)]
  0x000000001f505800 JavaThread "jar transforms Thread 59" [_thread_blocked, id=11904, stack(0x00000000261d0000,0x00000000262d0000)]
  0x000000001f506800 JavaThread "jar transforms Thread 58" [_thread_blocked, id=7816, stack(0x00000000260d0000,0x00000000261d0000)]
  0x000000001f505000 JavaThread "jar transforms Thread 57" [_thread_blocked, id=8928, stack(0x0000000025fd0000,0x00000000260d0000)]
  0x000000001f509800 JavaThread "jar transforms Thread 56" [_thread_blocked, id=3444, stack(0x0000000025ed0000,0x0000000025fd0000)]
  0x000000001f50a000 JavaThread "jar transforms Thread 55" [_thread_blocked, id=9276, stack(0x0000000025dd0000,0x0000000025ed0000)]
  0x000000001eab6000 JavaThread "jar transforms Thread 54" [_thread_blocked, id=3820, stack(0x0000000025cd0000,0x0000000025dd0000)]
  0x000000001eab9800 JavaThread "jar transforms Thread 53" [_thread_blocked, id=9736, stack(0x0000000025bd0000,0x0000000025cd0000)]
  0x000000001eab9000 JavaThread "jar transforms Thread 52" [_thread_blocked, id=4208, stack(0x0000000025ad0000,0x0000000025bd0000)]
  0x000000001eab7800 JavaThread "jar transforms Thread 51" [_thread_blocked, id=8152, stack(0x00000000259d0000,0x0000000025ad0000)]
  0x000000001eab4800 JavaThread "jar transforms Thread 50" [_thread_blocked, id=12204, stack(0x00000000258d0000,0x00000000259d0000)]
  0x000000001eab6800 JavaThread "jar transforms Thread 49" [_thread_blocked, id=5500, stack(0x00000000257d0000,0x00000000258d0000)]
  0x000000001eab8000 JavaThread "jar transforms Thread 48" [_thread_blocked, id=6188, stack(0x00000000256d0000,0x00000000257d0000)]
  0x000000001eab3800 JavaThread "jar transforms Thread 47" [_thread_blocked, id=8260, stack(0x00000000255d0000,0x00000000256d0000)]
  0x000000001eab5000 JavaThread "jar transforms Thread 46" [_thread_blocked, id=12016, stack(0x00000000254d0000,0x00000000255d0000)]
  0x000000001eaac000 JavaThread "jar transforms Thread 45" [_thread_blocked, id=8592, stack(0x00000000253d0000,0x00000000254d0000)]
  0x000000001eab1800 JavaThread "jar transforms Thread 44" [_thread_blocked, id=5240, stack(0x00000000252d0000,0x00000000253d0000)]
  0x000000001eab3000 JavaThread "jar transforms Thread 43" [_thread_blocked, id=9984, stack(0x00000000251d0000,0x00000000252d0000)]
  0x000000001eab0000 JavaThread "jar transforms Thread 42" [_thread_blocked, id=9012, stack(0x00000000250d0000,0x00000000251d0000)]
  0x000000001eaad800 JavaThread "jar transforms Thread 41" [_thread_blocked, id=10012, stack(0x0000000024fd0000,0x00000000250d0000)]
  0x000000001eab0800 JavaThread "jar transforms Thread 40" [_thread_blocked, id=6204, stack(0x0000000024ed0000,0x0000000024fd0000)]
  0x000000001eaab000 JavaThread "jar transforms Thread 39" [_thread_blocked, id=12208, stack(0x0000000024dd0000,0x0000000024ed0000)]
  0x000000001eab2000 JavaThread "jar transforms Thread 38" [_thread_blocked, id=1032, stack(0x0000000024cd0000,0x0000000024dd0000)]
  0x000000001eaaa800 JavaThread "jar transforms Thread 37" [_thread_blocked, id=9900, stack(0x0000000024bd0000,0x0000000024cd0000)]
  0x000000001eaad000 JavaThread "jar transforms Thread 36" [_thread_blocked, id=11040, stack(0x0000000024ad0000,0x0000000024bd0000)]
  0x000000001eaae800 JavaThread "jar transforms Thread 35" [_thread_blocked, id=12176, stack(0x00000000249d0000,0x0000000024ad0000)]
  0x000000001eaaf000 JavaThread "jar transforms Thread 34" [_thread_blocked, id=7552, stack(0x00000000248d0000,0x00000000249d0000)]
  0x000000001eb60000 JavaThread "jar transforms Thread 33" [_thread_blocked, id=9384, stack(0x00000000247d0000,0x00000000248d0000)]
  0x000000001eb5f800 JavaThread "jar transforms Thread 32" [_thread_blocked, id=9248, stack(0x00000000246d0000,0x00000000247d0000)]
  0x000000001eb5e000 JavaThread "jar transforms Thread 31" [_thread_blocked, id=6208, stack(0x00000000245d0000,0x00000000246d0000)]
  0x000000001eb5e800 JavaThread "jar transforms Thread 30" [_thread_blocked, id=8204, stack(0x00000000244d0000,0x00000000245d0000)]
  0x000000001eb5d000 JavaThread "jar transforms Thread 29" [_thread_blocked, id=7820, stack(0x00000000243d0000,0x00000000244d0000)]
  0x000000001eb61000 JavaThread "jar transforms Thread 28" [_thread_blocked, id=9592, stack(0x00000000242d0000,0x00000000243d0000)]
  0x000000001eb5b800 JavaThread "jar transforms Thread 27" [_thread_blocked, id=8584, stack(0x00000000241d0000,0x00000000242d0000)]
  0x000000001eb5c800 JavaThread "jar transforms Thread 26" [_thread_blocked, id=9148, stack(0x00000000240d0000,0x00000000241d0000)]
  0x000000001eb61800 JavaThread "jar transforms Thread 25" [_thread_blocked, id=9536, stack(0x0000000023fd0000,0x00000000240d0000)]
  0x000000001eb54000 JavaThread "jar transforms Thread 24" [_thread_blocked, id=7580, stack(0x0000000023ed0000,0x0000000023fd0000)]
  0x000000001eb59800 JavaThread "jar transforms Thread 23" [_thread_blocked, id=1256, stack(0x0000000023dd0000,0x0000000023ed0000)]
  0x000000001eb58800 JavaThread "jar transforms Thread 22" [_thread_blocked, id=4564, stack(0x0000000023cd0000,0x0000000023dd0000)]
  0x000000001eb58000 JavaThread "jar transforms Thread 21" [_thread_blocked, id=864, stack(0x0000000023bd0000,0x0000000023cd0000)]
  0x000000001eb5b000 JavaThread "jar transforms Thread 20" [_thread_blocked, id=8292, stack(0x0000000023ad0000,0x0000000023bd0000)]
  0x000000001eb53800 JavaThread "jar transforms Thread 19" [_thread_blocked, id=2796, stack(0x00000000239d0000,0x0000000023ad0000)]
  0x000000001eb5a000 JavaThread "jar transforms Thread 18" [_thread_blocked, id=12080, stack(0x00000000238d0000,0x00000000239d0000)]
  0x000000001eb52800 JavaThread "jar transforms Thread 17" [_thread_blocked, id=1560, stack(0x00000000237d0000,0x00000000238d0000)]
  0x000000001eb57000 JavaThread "jar transforms Thread 16" [_thread_blocked, id=3640, stack(0x00000000236d0000,0x00000000237d0000)]
  0x000000001eb56800 JavaThread "jar transforms Thread 15" [_thread_blocked, id=868, stack(0x00000000235d0000,0x00000000236d0000)]
  0x000000001eb55800 JavaThread "jar transforms Thread 14" [_thread_blocked, id=9180, stack(0x00000000234d0000,0x00000000235d0000)]
  0x000000001eb55000 JavaThread "jar transforms Thread 13" [_thread_blocked, id=7380, stack(0x00000000233d0000,0x00000000234d0000)]
  0x000000001b708800 JavaThread "jar transforms Thread 12" [_thread_blocked, id=10460, stack(0x00000000232d0000,0x00000000233d0000)]
  0x000000001b709800 JavaThread "jar transforms Thread 11" [_thread_blocked, id=9476, stack(0x00000000231d0000,0x00000000232d0000)]
  0x000000001b707000 JavaThread "jar transforms Thread 10" [_thread_blocked, id=9796, stack(0x0000000022fd0000,0x00000000230d0000)]
  0x000000001b70c800 JavaThread "jar transforms Thread 9" [_thread_blocked, id=11992, stack(0x0000000022ed0000,0x0000000022fd0000)]
  0x000000001b708000 JavaThread "jar transforms Thread 8" [_thread_blocked, id=6296, stack(0x0000000022dd0000,0x0000000022ed0000)]
  0x000000001b70b800 JavaThread "jar transforms Thread 7" [_thread_blocked, id=10064, stack(0x0000000022cd0000,0x0000000022dd0000)]
  0x000000001b706800 JavaThread "jar transforms Thread 6" [_thread_blocked, id=1992, stack(0x0000000022bd0000,0x0000000022cd0000)]
  0x000000001b70b000 JavaThread "jar transforms Thread 5" [_thread_blocked, id=1676, stack(0x0000000022ad0000,0x0000000022bd0000)]
  0x000000001b70a000 JavaThread "jar transforms Thread 4" [_thread_blocked, id=1836, stack(0x00000000229d0000,0x0000000022ad0000)]
  0x000000001b6ff000 JavaThread "jar transforms Thread 3" [_thread_blocked, id=11780, stack(0x00000000228d0000,0x00000000229d0000)]
  0x000000001b705800 JavaThread "jar transforms Thread 2" [_thread_blocked, id=2116, stack(0x00000000227d0000,0x00000000228d0000)]
  0x000000001b700800 JavaThread "Build operations Thread 4" [_thread_in_Java, id=1460, stack(0x00000000226d0000,0x00000000227d0000)]
  0x000000001b705000 JavaThread "Build operations Thread 3" [_thread_in_native, id=6644, stack(0x00000000225d0000,0x00000000226d0000)]
  0x000000001b701000 JavaThread "Build operations Thread 2" [_thread_in_native, id=10620, stack(0x00000000224d0000,0x00000000225d0000)]
  0x000000001b703800 JavaThread "Build operations" [_thread_blocked, id=9312, stack(0x00000000223d0000,0x00000000224d0000)]
  0x000000001b41a000 JavaThread "Cache worker for file content cache (C:\Users\User\.gradle\caches\6.5\fileContent)" [_thread_blocked, id=2456, stack(0x0000000021cd0000,0x0000000021dd0000)]
  0x000000001b414000 JavaThread "jar transforms" [_thread_blocked, id=116, stack(0x0000000021330000,0x0000000021430000)]
  0x000000001b419000 JavaThread "Cache worker for execution history cache (C:\Users\User\.gradle\caches\6.5\executionHistory)" [_thread_in_native, id=2892, stack(0x0000000021230000,0x0000000021330000)]
  0x000000001b417800 JavaThread "Cache worker for cache directory md-rule (C:\Users\User\.gradle\caches\6.5\md-rule)" [_thread_blocked, id=2472, stack(0x0000000021130000,0x0000000021230000)]
  0x000000001b418800 JavaThread "Cache worker for cache directory md-supplier (C:\Users\User\.gradle\caches\6.5\md-supplier)" [_thread_blocked, id=2716, stack(0x000000001ffd0000,0x00000000200d0000)]
  0x000000001b417000 JavaThread "Cache worker for checksums cache (D:\Bangkit\batique-app\.gradle\checksums)" [_thread_blocked, id=8380, stack(0x000000001fed0000,0x000000001ffd0000)]
  0x000000001b413000 JavaThread "Cache worker for file hash cache (D:\Bangkit\batique-app\.gradle\6.5\fileHashes)" [_thread_blocked, id=10748, stack(0x000000001d9c0000,0x000000001dac0000)]
  0x000000001b415800 JavaThread "Cache worker for file hash cache (C:\Users\User\.gradle\caches\6.5\fileHashes)" [_thread_blocked, id=7148, stack(0x000000001d8c0000,0x000000001d9c0000)]
  0x000000001b416000 JavaThread "File lock request listener" [_thread_in_native, id=1448, stack(0x000000001d7c0000,0x000000001d8c0000)]
  0x000000001a604000 JavaThread "Cache worker for journal cache (C:\Users\User\.gradle\caches\journal-1)" [_thread_blocked, id=9404, stack(0x000000001d6c0000,0x000000001d7c0000)]
  0x000000001aef6000 JavaThread "Thread-9" [_thread_blocked, id=7428, stack(0x000000001d3c0000,0x000000001d4c0000)]
  0x000000001ae6d000 JavaThread "Stdin handler" [_thread_blocked, id=6192, stack(0x000000001d2c0000,0x000000001d3c0000)]
  0x000000001ae6a000 JavaThread "Asynchronous log dispatcher for DefaultDaemonConnection: socket connection from /127.0.0.1:64441 to /127.0.0.1:64442" [_thread_blocked, id=6604, stack(0x000000001d1c0000,0x000000001d2c0000)]
  0x000000001ace6000 JavaThread "Daemon worker" [_thread_blocked, id=232, stack(0x000000001d0c0000,0x000000001d1c0000)]
  0x000000001ace5800 JavaThread "Cancel handler" [_thread_blocked, id=516, stack(0x000000001cfc0000,0x000000001d0c0000)]
  0x000000001b361800 JavaThread "Handler for socket connection from /127.0.0.1:64441 to /127.0.0.1:64442" [_thread_in_native, id=9316, stack(0x000000001cec0000,0x000000001cfc0000)]
  0x000000001b34a000 JavaThread "Daemon" [_thread_blocked, id=5720, stack(0x000000001cdc0000,0x000000001cec0000)]
  0x000000001b327800 JavaThread "Daemon periodic checks" [_thread_blocked, id=6672, stack(0x000000001cac0000,0x000000001cbc0000)]
  0x000000001b325000 JavaThread "Incoming local TCP Connector on port 64441" [_thread_in_native, id=1752, stack(0x000000001c880000,0x000000001c980000)]
  0x0000000019c52000 JavaThread "Daemon health stats" [_thread_blocked, id=6860, stack(0x000000001c240000,0x000000001c340000)]
  0x00000000192d8800 JavaThread "Service Thread" daemon [_thread_blocked, id=5436, stack(0x00000000196a0000,0x00000000197a0000)]
  0x000000001795d800 JavaThread "C1 CompilerThread2" daemon [_thread_blocked, id=9972, stack(0x00000000191a0000,0x00000000192a0000)]
=>0x000000001795a000 JavaThread "C2 CompilerThread1" daemon [_thread_in_native, id=396, stack(0x00000000190a0000,0x00000000191a0000)]
  0x0000000017952000 JavaThread "C2 CompilerThread0" daemon [_thread_blocked, id=2144, stack(0x0000000018fa0000,0x00000000190a0000)]
  0x0000000017950800 JavaThread "Attach Listener" daemon [_thread_blocked, id=5060, stack(0x0000000018ea0000,0x0000000018fa0000)]
  0x0000000017957000 JavaThread "Signal Dispatcher" daemon [_thread_blocked, id=4804, stack(0x0000000018da0000,0x0000000018ea0000)]
  0x0000000002d2b000 JavaThread "Finalizer" daemon [_thread_blocked, id=1468, stack(0x0000000018ba0000,0x0000000018ca0000)]
  0x0000000017939000 JavaThread "Reference Handler" daemon [_thread_blocked, id=1440, stack(0x0000000018aa0000,0x0000000018ba0000)]
  0x0000000002c2e000 JavaThread "main" [_thread_blocked, id=2656, stack(0x0000000002b00000,0x0000000002c00000)]

Other Threads:
  0x0000000017916000 VMThread [stack: 0x00000000189a0000,0x0000000018aa0000] [id=11176]
  0x00000000192d9000 WatcherThread [stack: 0x00000000197a0000,0x00000000198a0000] [id=7076]

VM state:not at safepoint (normal execution)

VM Mutex/Monitor currently owned by a thread: None

heap address: 0x0000000080000000, size: 2048 MB, Compressed Oops mode: 32-bit
Narrow klass base: 0x0000000000000000, Narrow klass shift: 3
Compressed class space size: 1073741824 Address: 0x0000000100000000

Heap:
 PSYoungGen      total 331776K, used 305284K [0x00000000d5580000, 0x00000000eb800000, 0x0000000100000000)
  eden space 308736K, 91% used [0x00000000d5580000,0x00000000e69217c8,0x00000000e8300000)
  from space 23040K, 99% used [0x00000000e9e00000,0x00000000eb47f858,0x00000000eb480000)
  to   space 27136K, 0% used [0x00000000e8300000,0x00000000e8300000,0x00000000e9d80000)
 ParOldGen       total 106496K, used 41955K [0x0000000080000000, 0x0000000086800000, 0x00000000d5580000)
  object space 106496K, 39% used [0x0000000080000000,0x00000000828f8df0,0x0000000086800000)
 Metaspace       used 74566K, capacity 77816K, committed 77848K, reserved 1116160K
  class space    used 10151K, capacity 10792K, committed 10800K, reserved 1048576K

Card table byte_map: [0x00000000120f0000,0x0000000012500000] byte_map_base: 0x0000000011cf0000

Marking Bits: (ParMarkBitMap*) 0x00000000612df030
 Begin Bits: [0x0000000012bb0000, 0x0000000014bb0000)
 End Bits:   [0x0000000014bb0000, 0x0000000016bb0000)

Polling page: 0x0000000000e20000

CodeCache: size=245760Kb used=26900Kb max_used=27206Kb free=218859Kb
 bounds [0x0000000002d30000, 0x00000000047f0000, 0x0000000011d30000]
 total_blobs=9373 nmethods=8544 adapters=741
 compilation: enabled

Compilation events (10 events):
Event: 42.366 Thread 0x0000000017952000 9914       4       com.google.common.cache.LocalCache$LoadingValueReference::notifyNewValue (21 bytes)
Event: 42.370 Thread 0x0000000017952000 nmethod 9914 0x00000000037c6f90 code [0x00000000037c70e0, 0x00000000037c72e8]
Event: 42.387 Thread 0x000000001795d800 9917       3       org.gradle.internal.execution.steps.ResolveChangesStep$$Lambda$591/197287719::<init> (26 bytes)
Event: 42.388 Thread 0x000000001795d800 nmethod 9917 0x000000000397b510 code [0x000000000397b660, 0x000000000397b870]
Event: 42.388 Thread 0x000000001795d800 9918       3       org.gradle.internal.execution.history.changes.ImplementationChanges::accept (398 bytes)
Event: 42.393 Thread 0x000000001795d800 nmethod 9918 0x000000000437aed0 code [0x000000000437b8c0, 0x0000000004383178]
Event: 42.393 Thread 0x000000001795d800 9919       3       org.gradle.internal.execution.steps.SkipUpToDateStep::execute (9 bytes)
Event: 42.393 Thread 0x000000001795d800 nmethod 9919 0x000000000406d890 code [0x000000000406da00, 0x000000000406dc88]
Event: 42.393 Thread 0x000000001795d800 9920       3       org.gradle.internal.execution.steps.SkipUpToDateStep::lambda$execute$0 (78 bytes)
Event: 42.394 Thread 0x000000001795d800 nmethod 9920 0x00000000039b8f90 code [0x00000000039b9260, 0x00000000039ba8c8]

GC Heap History (10 events):
Event: 5.739 GC heap before
{Heap before GC invocations=11 (full 2):
 PSYoungGen      total 200704K, used 10311K [0x00000000d5580000, 0x00000000e5c00000, 0x0000000100000000)
  eden space 188416K, 0% used [0x00000000d5580000,0x00000000d5580000,0x00000000e0d80000)
  from space 12288K, 83% used [0x00000000e0d80000,0x00000000e1791ca0,0x00000000e1980000)
  to   space 13312K, 0% used [0x00000000e4f00000,0x00000000e4f00000,0x00000000e5c00000)
 ParOldGen       total 40960K, used 7611K [0x0000000080000000, 0x0000000082800000, 0x00000000d5580000)
  object space 40960K, 18% used [0x0000000080000000,0x000000008076ee58,0x0000000082800000)
 Metaspace       used 34298K, capacity 35418K, committed 35496K, reserved 1079296K
  class space    used 4720K, capacity 5002K, committed 5040K, reserved 1048576K
Event: 5.794 GC heap after
Heap after GC invocations=11 (full 2):
 PSYoungGen      total 200704K, used 0K [0x00000000d5580000, 0x00000000e5c00000, 0x0000000100000000)
  eden space 188416K, 0% used [0x00000000d5580000,0x00000000d5580000,0x00000000e0d80000)
  from space 12288K, 0% used [0x00000000e0d80000,0x00000000e0d80000,0x00000000e1980000)
  to   space 13312K, 0% used [0x00000000e4f00000,0x00000000e4f00000,0x00000000e5c00000)
 ParOldGen       total 63488K, used 16664K [0x0000000080000000, 0x0000000083e00000, 0x00000000d5580000)
  object space 63488K, 26% used [0x0000000080000000,0x0000000081046040,0x0000000083e00000)
 Metaspace       used 34298K, capacity 35418K, committed 35496K, reserved 1079296K
  class space    used 4720K, capacity 5002K, committed 5040K, reserved 1048576K
}
Event: 10.776 GC heap before
{Heap before GC invocations=12 (full 2):
 PSYoungGen      total 200704K, used 188416K [0x00000000d5580000, 0x00000000e5c00000, 0x0000000100000000)
  eden space 188416K, 100% used [0x00000000d5580000,0x00000000e0d80000,0x00000000e0d80000)
  from space 12288K, 0% used [0x00000000e0d80000,0x00000000e0d80000,0x00000000e1980000)
  to   space 13312K, 0% used [0x00000000e4f00000,0x00000000e4f00000,0x00000000e5c00000)
 ParOldGen       total 63488K, used 16664K [0x0000000080000000, 0x0000000083e00000, 0x00000000d5580000)
  object space 63488K, 26% used [0x0000000080000000,0x0000000081046040,0x0000000083e00000)
 Metaspace       used 43980K, capacity 45734K, committed 45992K, reserved 1089536K
  class space    used 5938K, capacity 6283K, committed 6320K, reserved 1048576K
Event: 10.839 GC heap after
Heap after GC invocations=12 (full 2):
 PSYoungGen      total 252928K, used 13284K [0x00000000d5580000, 0x00000000e6980000, 0x0000000100000000)
  eden space 239616K, 0% used [0x00000000d5580000,0x00000000d5580000,0x00000000e3f80000)
  from space 13312K, 99% used [0x00000000e4f00000,0x00000000e5bf91f8,0x00000000e5c00000)
  to   space 15872K, 0% used [0x00000000e3f80000,0x00000000e3f80000,0x00000000e4f00000)
 ParOldGen       total 63488K, used 19048K [0x0000000080000000, 0x0000000083e00000, 0x00000000d5580000)
  object space 63488K, 30% used [0x0000000080000000,0x000000008129a1a8,0x0000000083e00000)
 Metaspace       used 43980K, capacity 45734K, committed 45992K, reserved 1089536K
  class space    used 5938K, capacity 6283K, committed 6320K, reserved 1048576K
}
Event: 14.015 GC heap before
{Heap before GC invocations=13 (full 2):
 PSYoungGen      total 252928K, used 184201K [0x00000000d5580000, 0x00000000e6980000, 0x0000000100000000)
  eden space 239616K, 71% used [0x00000000d5580000,0x00000000dfc69420,0x00000000e3f80000)
  from space 13312K, 99% used [0x00000000e4f00000,0x00000000e5bf91f8,0x00000000e5c00000)
  to   space 15872K, 0% used [0x00000000e3f80000,0x00000000e3f80000,0x00000000e4f00000)
 ParOldGen       total 63488K, used 19048K [0x0000000080000000, 0x0000000083e00000, 0x00000000d5580000)
  object space 63488K, 30% used [0x0000000080000000,0x000000008129a1a8,0x0000000083e00000)
 Metaspace       used 56891K, capacity 59070K, committed 59160K, reserved 1099776K
  class space    used 7706K, capacity 8174K, committed 8240K, reserved 1048576K
Event: 14.043 GC heap after
Heap after GC invocations=13 (full 2):
 PSYoungGen      total 255488K, used 15841K [0x00000000d5580000, 0x00000000eb480000, 0x0000000100000000)
  eden space 239616K, 0% used [0x00000000d5580000,0x00000000d5580000,0x00000000e3f80000)
  from space 15872K, 99% used [0x00000000e3f80000,0x00000000e4ef8478,0x00000000e4f00000)
  to   space 23040K, 0% used [0x00000000e9e00000,0x00000000e9e00000,0x00000000eb480000)
 ParOldGen       total 63488K, used 31952K [0x0000000080000000, 0x0000000083e00000, 0x00000000d5580000)
  object space 63488K, 50% used [0x0000000080000000,0x0000000081f341c8,0x0000000083e00000)
 Metaspace       used 56891K, capacity 59070K, committed 59160K, reserved 1099776K
  class space    used 7706K, capacity 8174K, committed 8240K, reserved 1048576K
}
Event: 14.043 GC heap before
{Heap before GC invocations=14 (full 3):
 PSYoungGen      total 255488K, used 15841K [0x00000000d5580000, 0x00000000eb480000, 0x0000000100000000)
  eden space 239616K, 0% used [0x00000000d5580000,0x00000000d5580000,0x00000000e3f80000)
  from space 15872K, 99% used [0x00000000e3f80000,0x00000000e4ef8478,0x00000000e4f00000)
  to   space 23040K, 0% used [0x00000000e9e00000,0x00000000e9e00000,0x00000000eb480000)
 ParOldGen       total 63488K, used 31952K [0x0000000080000000, 0x0000000083e00000, 0x00000000d5580000)
  object space 63488K, 50% used [0x0000000080000000,0x0000000081f341c8,0x0000000083e00000)
 Metaspace       used 56891K, capacity 59070K, committed 59160K, reserved 1099776K
  class space    used 7706K, capacity 8174K, committed 8240K, reserved 1048576K
Event: 14.263 GC heap after
Heap after GC invocations=14 (full 3):
 PSYoungGen      total 255488K, used 0K [0x00000000d5580000, 0x00000000eb480000, 0x0000000100000000)
  eden space 239616K, 0% used [0x00000000d5580000,0x00000000d5580000,0x00000000e3f80000)
  from space 15872K, 0% used [0x00000000e3f80000,0x00000000e3f80000,0x00000000e4f00000)
  to   space 23040K, 0% used [0x00000000e9e00000,0x00000000e9e00000,0x00000000eb480000)
 ParOldGen       total 106496K, used 41018K [0x0000000080000000, 0x0000000086800000, 0x00000000d5580000)
  object space 106496K, 38% used [0x0000000080000000,0x000000008280eaa0,0x0000000086800000)
 Metaspace       used 56875K, capacity 59016K, committed 59160K, reserved 1099776K
  class space    used 7702K, capacity 8165K, committed 8240K, reserved 1048576K
}
Event: 18.390 GC heap before
{Heap before GC invocations=15 (full 3):
 PSYoungGen      total 255488K, used 239616K [0x00000000d5580000, 0x00000000eb480000, 0x0000000100000000)
  eden space 239616K, 100% used [0x00000000d5580000,0x00000000e3f80000,0x00000000e3f80000)
  from space 15872K, 0% used [0x00000000e3f80000,0x00000000e3f80000,0x00000000e4f00000)
  to   space 23040K, 0% used [0x00000000e9e00000,0x00000000e9e00000,0x00000000eb480000)
 ParOldGen       total 106496K, used 41018K [0x0000000080000000, 0x0000000086800000, 0x00000000d5580000)
  object space 106496K, 38% used [0x0000000080000000,0x000000008280eaa0,0x0000000086800000)
 Metaspace       used 67469K, capacity 70526K, committed 70808K, reserved 1110016K
  class space    used 9202K, capacity 9786K, committed 9904K, reserved 1048576K
Event: 18.481 GC heap after
Heap after GC invocations=15 (full 3):
 PSYoungGen      total 331776K, used 23038K [0x00000000d5580000, 0x00000000eb800000, 0x0000000100000000)
  eden space 308736K, 0% used [0x00000000d5580000,0x00000000d5580000,0x00000000e8300000)
  from space 23040K, 99% used [0x00000000e9e00000,0x00000000eb47f858,0x00000000eb480000)
  to   space 27136K, 0% used [0x00000000e8300000,0x00000000e8300000,0x00000000e9d80000)
 ParOldGen       total 106496K, used 41955K [0x0000000080000000, 0x0000000086800000, 0x00000000d5580000)
  object space 106496K, 39% used [0x0000000080000000,0x00000000828f8df0,0x0000000086800000)
 Metaspace       used 67469K, capacity 70526K, committed 70808K, reserved 1110016K
  class space    used 9202K, capacity 9786K, committed 9904K, reserved 1048576K
}

Deoptimization events (10 events):
Event: 34.638 Thread 0x000000001aa6a000 Uncommon trap: reason=class_check action=maybe_recompile pc=0x00000000047431d8 method=java.lang.reflect.Array.newInstance(Ljava/lang/Class;I)Ljava/lang/Object; @ 2
Event: 42.210 Thread 0x000000001aa63000 Uncommon trap: reason=class_check action=maybe_recompile pc=0x00000000044c1bc4 method=org.gradle.internal.vfs.impl.DefaultVirtualFileSystem.readLocation(Ljava/lang/String;)Lorg/gradle/internal/snapshot/CompleteFileSystemLocationSnapshot; @ 8
Event: 42.224 Thread 0x000000001aa61800 Uncommon trap: reason=unstable_if action=reinterpret pc=0x0000000004327310 method=com.esotericsoftware.kryo.io.Output.writeString(Ljava/lang/CharSequence;)V @ 50
Event: 42.224 Thread 0x000000001aa61800 Uncommon trap: reason=unstable_if action=reinterpret pc=0x0000000002e48610 method=com.esotericsoftware.kryo.io.Output.writeString(Ljava/lang/CharSequence;)V @ 50
Event: 42.320 Thread 0x000000001aa63000 Uncommon trap: reason=bimorphic action=maybe_recompile pc=0x00000000045e2fc0 method=org.gradle.api.internal.artifacts.transform.TransformationSubject$InitialArtifactTransformationSubject.getProducer()Ljava/util/Optional; @ 4
Event: 42.320 Thread 0x000000001aa63000 Uncommon trap: reason=bimorphic action=maybe_recompile pc=0x00000000045e2fc0 method=org.gradle.api.internal.artifacts.transform.TransformationSubject$InitialArtifactTransformationSubject.getProducer()Ljava/util/Optional; @ 4
Event: 42.320 Thread 0x000000001aa63000 Uncommon trap: reason=bimorphic action=maybe_recompile pc=0x00000000045e2fc0 method=org.gradle.api.internal.artifacts.transform.TransformationSubject$InitialArtifactTransformationSubject.getProducer()Ljava/util/Optional; @ 4
Event: 42.320 Thread 0x000000001aa63000 Uncommon trap: reason=bimorphic action=maybe_recompile pc=0x00000000045e2fc0 method=org.gradle.api.internal.artifacts.transform.TransformationSubject$InitialArtifactTransformationSubject.getProducer()Ljava/util/Optional; @ 4
Event: 42.324 Thread 0x000000001b701000 Uncommon trap: reason=unstable_if action=reinterpret pc=0x00000000041ca76c method=com.google.common.collect.MapMakerInternalMap$Segment.put(Ljava/lang/Object;ILjava/lang/Object;Z)Ljava/lang/Object; @ 92
Event: 42.324 Thread 0x000000001b701000 Uncommon trap: reason=unstable_if action=reinterpret pc=0x0000000004200b34 method=com.google.common.collect.Interners$InternerImpl.intern(Ljava/lang/Object;)Ljava/lang/Object; @ 42

Classes redefined (0 events):
No events

Internal exceptions (10 events):
Event: 34.538 Thread 0x000000001aa63000 Exception <a 'java/lang/NoSuchMethodError': <clinit>> (0x00000000e54f56c8) thrown at [C:\src\AOSP-openjdk-git\hotspot\src\share\vm\prims\jni.cpp, line 1615]
Event: 34.540 Thread 0x000000001aa63000 Exception <a 'java/lang/NoSuchMethodError': <clinit>> (0x00000000e551b9c0) thrown at [C:\src\AOSP-openjdk-git\hotspot\src\share\vm\prims\jni.cpp, line 1615]
Event: 34.550 Thread 0x000000001aa6a800 Exception <a 'java/lang/InterruptedException'> (0x00000000e557c8f8) thrown at [C:\src\AOSP-openjdk-git\hotspot\src\share\vm\runtime\objectMonitor.cpp, line 1680]
Event: 34.563 Thread 0x000000001aa63000 Exception <a 'java/lang/NoSuchMethodError': <clinit>> (0x00000000e55ba648) thrown at [C:\src\AOSP-openjdk-git\hotspot\src\share\vm\prims\jni.cpp, line 1615]
Event: 34.564 Thread 0x000000001aa63000 Exception <a 'java/lang/NoSuchMethodError': <clinit>> (0x00000000e55c8558) thrown at [C:\src\AOSP-openjdk-git\hotspot\src\share\vm\prims\jni.cpp, line 1615]
Event: 34.565 Thread 0x000000001aa63000 Exception <a 'java/lang/NoSuchMethodError': <clinit>> (0x00000000e55d8110) thrown at [C:\src\AOSP-openjdk-git\hotspot\src\share\vm\prims\jni.cpp, line 1615]
Event: 34.569 Thread 0x000000001aa63000 Exception <a 'java/lang/NoSuchMethodError': <clinit>> (0x00000000e55fe110) thrown at [C:\src\AOSP-openjdk-git\hotspot\src\share\vm\prims\jni.cpp, line 1615]
Event: 34.587 Thread 0x000000001aa63000 Exception <a 'java/lang/NoSuchMethodError': <clinit>> (0x00000000e574e678) thrown at [C:\src\AOSP-openjdk-git\hotspot\src\share\vm\prims\jni.cpp, line 1615]
Event: 34.590 Thread 0x000000001aa63000 Exception <a 'java/lang/NoSuchMethodError': <clinit>> (0x00000000e5833c68) thrown at [C:\src\AOSP-openjdk-git\hotspot\src\share\vm\prims\jni.cpp, line 1615]
Event: 42.230 Thread 0x000000001aef6000 Exception <a 'java/lang/NoSuchMethodError': <clinit>> (0x00000000e5cc8a80) thrown at [C:\src\AOSP-openjdk-git\hotspot\src\share\vm\prims\jni.cpp, line 1615]

Events (10 events):
Event: 42.324 Thread 0x000000001b701000 Uncommon trap: trap_request=0xffffff65 fr.pc=0x00000000041ca76c
Event: 42.324 Thread 0x000000001b701000 DEOPT PACKING pc=0x00000000041ca76c sp=0x00000000225cd290
Event: 42.324 Thread 0x000000001b701000 DEOPT UNPACKING pc=0x0000000002d7557b sp=0x00000000225cd230 mode 2
Event: 42.324 Thread 0x000000001b701000 Uncommon trap: trap_request=0xffffff65 fr.pc=0x0000000004200b34
Event: 42.324 Thread 0x000000001b701000 DEOPT PACKING pc=0x0000000004200b34 sp=0x00000000225cd330
Event: 42.324 Thread 0x000000001b701000 DEOPT UNPACKING pc=0x0000000002d7557b sp=0x00000000225cd288 mode 2
Event: 42.336 Thread 0x000000001aa63000 DEOPT PACKING pc=0x00000000043f6ba4 sp=0x000000002b8bad60
Event: 42.336 Thread 0x000000001aa63000 DEOPT UNPACKING pc=0x0000000002d775d0 sp=0x000000002b8bac18 mode 0
Event: 42.377 Thread 0x000000001b701000 DEOPT PACKING pc=0x00000000043f6ba4 sp=0x00000000225cd2c0
Event: 42.377 Thread 0x000000001b701000 DEOPT UNPACKING pc=0x0000000002d775d0 sp=0x00000000225cd178 mode 0


Dynamic libraries:
0x00007ff60b8c0000 - 0x00007ff60b8f1000 	C:\Program Files\Android\Android Studio\jre\bin\java.exe
0x00007ff922d30000 - 0x00007ff922f25000 	C:\Windows\SYSTEM32\ntdll.dll
0x00007ff922160000 - 0x00007ff92221d000 	C:\Windows\System32\KERNEL32.DLL
0x00007ff920930000 - 0x00007ff920bf8000 	C:\Windows\System32\KERNELBASE.dll
0x00007ff921360000 - 0x00007ff92140c000 	C:\Windows\System32\ADVAPI32.dll
0x00007ff9224b0000 - 0x00007ff92254e000 	C:\Windows\System32\msvcrt.dll
0x00007ff922600000 - 0x00007ff92269b000 	C:\Windows\System32\sechost.dll
0x00007ff920d90000 - 0x00007ff920ebb000 	C:\Windows\System32\RPCRT4.dll
0x00007ff9210e0000 - 0x00007ff921280000 	C:\Windows\System32\USER32.dll
0x00007ff920d60000 - 0x00007ff920d82000 	C:\Windows\System32\win32u.dll
0x00007ff921bf0000 - 0x00007ff921c1a000 	C:\Windows\System32\GDI32.dll
0x00007ff9205c0000 - 0x00007ff9206cb000 	C:\Windows\System32\gdi32full.dll
0x00007ff920520000 - 0x00007ff9205bd000 	C:\Windows\System32\msvcp_win.dll
0x00007ff920830000 - 0x00007ff920930000 	C:\Windows\System32\ucrtbase.dll
0x00007ff9195e0000 - 0x00007ff91987a000 	C:\Windows\WinSxS\amd64_microsoft.windows.common-controls_6595b64144ccf1df_6.0.19041.844_none_ca00b6081b84eb1d\COMCTL32.dll
0x00007ff922cc0000 - 0x00007ff922cf0000 	C:\Windows\System32\IMM32.DLL
0x00000000607b0000 - 0x0000000060882000 	C:\Program Files\Android\Android Studio\jre\jre\bin\msvcr100.dll
0x0000000060b10000 - 0x000000006135b000 	C:\Program Files\Android\Android Studio\jre\jre\bin\server\jvm.dll
0x00007ff922320000 - 0x00007ff922328000 	C:\Windows\System32\PSAPI.DLL
0x00007ff91bff0000 - 0x00007ff91bff9000 	C:\Windows\SYSTEM32\WSOCK32.dll
0x00007ff919880000 - 0x00007ff9198a7000 	C:\Windows\SYSTEM32\WINMM.dll
0x00007ff91a940000 - 0x00007ff91a94a000 	C:\Windows\SYSTEM32\VERSION.dll
0x00007ff921c20000 - 0x00007ff921c8b000 	C:\Windows\System32\WS2_32.dll
0x00007ff91bfe0000 - 0x00007ff91bfef000 	C:\Program Files\Android\Android Studio\jre\jre\bin\verify.dll
0x00007ff915410000 - 0x00007ff915439000 	C:\Program Files\Android\Android Studio\jre\jre\bin\java.dll
0x00007ff91bf80000 - 0x00007ff91bf96000 	C:\Program Files\Android\Android Studio\jre\jre\bin\zip.dll
0x00007ff921490000 - 0x00007ff921bd2000 	C:\Windows\System32\SHELL32.dll
0x00007ff91e5e0000 - 0x00007ff91ed70000 	C:\Windows\SYSTEM32\windows.storage.dll
0x00007ff922960000 - 0x00007ff922cb5000 	C:\Windows\System32\combase.dll
0x00007ff91fe70000 - 0x00007ff91fe9c000 	C:\Windows\SYSTEM32\Wldp.dll
0x00007ff922550000 - 0x00007ff9225fe000 	C:\Windows\System32\SHCORE.dll
0x00007ff922450000 - 0x00007ff9224a5000 	C:\Windows\System32\shlwapi.dll
0x00007ff9203b0000 - 0x00007ff9203cf000 	C:\Windows\SYSTEM32\profapi.dll
0x00007ff9198e0000 - 0x00007ff9198fa000 	C:\Program Files\Android\Android Studio\jre\jre\bin\net.dll
0x00007ff91fb80000 - 0x00007ff91fbea000 	C:\Windows\system32\mswsock.dll
0x00007ff914f50000 - 0x00007ff914f63000 	C:\Program Files\Android\Android Studio\jre\jre\bin\nio.dll
0x00007ff9149e0000 - 0x00007ff914a07000 	C:\Users\User\.gradle\native\f6784746aeab05261644944871eae4fe03e0ef1612fff0a4a95f87b438bc6780\windows-amd64\native-platform.dll
0x00007ff91bf60000 - 0x00007ff91bf6d000 	C:\Program Files\Android\Android Studio\jre\jre\bin\management.dll
0x00007ff91fd50000 - 0x00007ff91fd68000 	C:\Windows\SYSTEM32\CRYPTSP.dll
0x00007ff91f520000 - 0x00007ff91f554000 	C:\Windows\system32\rsaenh.dll
0x00007ff920d30000 - 0x00007ff920d57000 	C:\Windows\System32\bcrypt.dll
0x00007ff920370000 - 0x00007ff92039e000 	C:\Windows\SYSTEM32\USERENV.dll
0x00007ff920c00000 - 0x00007ff920c80000 	C:\Windows\System32\bcryptprimitives.dll
0x00007ff91fd70000 - 0x00007ff91fd7c000 	C:\Windows\SYSTEM32\CRYPTBASE.dll
0x00007ff91f870000 - 0x00007ff91f8ab000 	C:\Windows\SYSTEM32\IPHLPAPI.DLL
0x00007ff921be0000 - 0x00007ff921be8000 	C:\Windows\System32\NSI.dll
0x00007ff91a970000 - 0x00007ff91a987000 	C:\Windows\SYSTEM32\dhcpcsvc6.DLL
0x00007ff91a950000 - 0x00007ff91a96d000 	C:\Windows\SYSTEM32\dhcpcsvc.DLL
0x00007ff91f8b0000 - 0x00007ff91f97c000 	C:\Windows\SYSTEM32\DNSAPI.dll
0x00007ff91a990000 - 0x00007ff91a99b000 	C:\Windows\SYSTEM32\WINNSI.DLL
0x00007ff919900000 - 0x00007ff91991e000 	C:\Users\User\AppData\Local\Temp\native-platform558127078989183031dir\native-platform.dll

VM Arguments:
jvm_args: -Xmx2048m -Dfile.encoding=UTF-8 -Duser.country=ID -Duser.language=en -Duser.variant 
java_command: org.gradle.launcher.daemon.bootstrap.GradleDaemon 6.5
java_class_path (initial): C:\Users\User\.gradle\wrapper\dists\gradle-6.5-bin\6nifqtx7604sqp1q6g8wikw7p\gradle-6.5\lib\gradle-launcher-6.5.jar
Launcher Type: SUN_STANDARD

Environment Variables:
JAVA_HOME=C:\Program Files\Zulu\zulu-8
PATH=C:\Program Files\Zulu\zulu-8\bin\;C:\Windows\system32;C:\Windows;C:\Windows\System32\Wbem;C:\Windows\System32\WindowsPowerShell\v1.0\;C:\Windows\System32\OpenSSH\;C:\Program Files\Git\cmd;C:\laragon\bin\php\php-7.4.10-Win32-vc15-x64;C:\ProgramData\ComposerSetup\bin;C:\Program Files\nodejs\;C:\ProgramData\chocolatey\bin;C:\Program Files\Gradle\gradle-6.6\bin;;C:\Program Files\NVIDIA Corporation\NVIDIA NvDLISR;C:\Program Files (x86)\Bitvise SSH Client;C:\Program Files\Docker\Docker\resources\bin;C:\ProgramData\DockerDesktop\version-bin;C:\Users\User\AppData\Local\Microsoft\WindowsApps;C:\Users\User\AppData\Local\Programs\Microsoft VS Code\bin;C:\MinGW\bin;C:\Users\User\AppData\Roaming\Composer\vendor\bin;C:\Users\User\AppData\Roaming\npm;C:\Program Files\JetBrains\IntelliJ IDEA Community Edition 2020.3.2\bin;;
USERNAME=User
OS=Windows_NT
PROCESSOR_IDENTIFIER=Intel64 Family 6 Model 58 Stepping 9, GenuineIntel



---------------  S Y S T E M  ---------------

OS: Windows 10.0 , 64 bit Build 19041 (10.0.19041.928)

CPU:total 4 (initial active 4) (4 cores per cpu, 1 threads per core) family 6 model 58 stepping 9, cmov, cx8, fxsr, mmx, sse, sse2, sse3, ssse3, sse4.1, sse4.2, popcnt, avx, aes, clmul, erms, tsc, tscinvbit, tscinv

Memory: 4k page, physical 6232952k(310244k free), swap 10915976k(7544k free)

vm_info: OpenJDK 64-Bit Server VM (25.242-b01) for windows-amd64 JRE (1.8.0_242-release-1644-b01), built by "builder" with MS VC++ 10.0 (VS2010)

time: Thu Jun 03 10:41:37 2021
timezone: SE Asia Standard Time
elapsed time: 42 seconds (0d 0h 0m 42s)

